"../../../Engine/Content/EditorResources/S_Actor.ubulk" 0
"../../../Engine/Content/EditorResources/S_Actor.uasset" 1
"../../../Engine/Content/EditorResources/S_Actor.uexp" 2
"../../../Engine/Content/EditorResources/S_BoxReflectionCapture.uasset" 3
"../../../Engine/Content/EditorResources/S_BoxReflectionCapture.uexp" 4
"../../../Engine/Content/EngineResources/DefaultTexture.ubulk" 5
"../../../Engine/Content/EngineResources/DefaultTexture.uasset" 6
"../../../Engine/Content/EngineResources/DefaultTexture.uexp" 7
"../../../Engine/Content/EngineResources/DefaultTextureCube.uasset" 8
"../../../Engine/Content/EngineResources/DefaultTextureCube.uexp" 9
"../../../Engine/Content/EngineResources/DefaultVolumeTexture2D.uasset" 10
"../../../Engine/Content/EngineResources/DefaultVolumeTexture2D.uexp" 11
"../../../Engine/Content/EngineResources/DefaultVolumeTexture.uasset" 12
"../../../Engine/Content/EngineResources/DefaultVolumeTexture.uexp" 13
"../../../Engine/Content/EditorResources/S_Trigger.ubulk" 14
"../../../Engine/Content/EditorResources/S_Trigger.uasset" 15
"../../../Engine/Content/EditorResources/S_Trigger.uexp" 16
"../../../Engine/Content/EditorResources/S_TriggerBox.uasset" 17
"../../../Engine/Content/EditorResources/S_TriggerBox.uexp" 18
"../../../Engine/Content/EditorResources/S_TriggerCapsule.uasset" 19
"../../../Engine/Content/EditorResources/S_TriggerCapsule.uexp" 20
"../../../Engine/Content/EditorResources/S_TriggerSphere.uasset" 21
"../../../Engine/Content/EditorResources/S_TriggerSphere.uexp" 22
"../../../Engine/Content/EngineMeshes/Sphere.ubulk" 23
"../../../Engine/Content/EngineMeshes/Sphere.uasset" 24
"../../../Engine/Content/EngineMeshes/Sphere.uexp" 25
"../../../Engine/Content/EngineResources/GradientTexture0.uasset" 26
"../../../Engine/Content/EngineResources/GradientTexture0.uexp" 27
"../../../Engine/Content/EngineResources/Black.uasset" 28
"../../../Engine/Content/EngineResources/Black.uexp" 29
"../../../Engine/Content/VREditor/LaserPointer/VR_LaserPower_01.ubulk" 30
"../../../Engine/Content/VREditor/LaserPointer/VR_LaserPower_01.uasset" 31
"../../../Engine/Content/VREditor/LaserPointer/VR_LaserPower_01.uexp" 32
"../../../Engine/Content/VREditor/TransformGizmo/TransformGizmoMaterial.uasset" 33
"../../../Engine/Content/VREditor/TransformGizmo/TransformGizmoMaterial.uexp" 34
"../../../Engine/Content/VREditor/TransformGizmo/TranslucentTransformGizmoMaterial.uasset" 35
"../../../Engine/Content/VREditor/TransformGizmo/TranslucentTransformGizmoMaterial.uexp" 36
"../../../Engine/Content/VREditor/TransformGizmo/PlaneTranslationHandle.ubulk" 37
"../../../Engine/Content/VREditor/TransformGizmo/PlaneTranslationHandle.uasset" 38
"../../../Engine/Content/VREditor/TransformGizmo/PlaneTranslationHandle.uexp" 39
"../../../Engine/Content/VREditor/TransformGizmo/BoundingBoxCorner.ubulk" 40
"../../../Engine/Content/VREditor/TransformGizmo/BoundingBoxCorner.uasset" 41
"../../../Engine/Content/VREditor/TransformGizmo/BoundingBoxCorner.uexp" 42
"../../../Engine/Content/VREditor/TransformGizmo/BoundingBoxEdge.ubulk" 43
"../../../Engine/Content/VREditor/TransformGizmo/BoundingBoxEdge.uasset" 44
"../../../Engine/Content/VREditor/TransformGizmo/BoundingBoxEdge.uexp" 45
"../../../Engine/Content/VREditor/TransformGizmo/Main.uasset" 46
"../../../Engine/Content/VREditor/TransformGizmo/Main.uexp" 47
"../../../Engine/Content/VREditor/TransformGizmo/Xray.uasset" 48
"../../../Engine/Content/VREditor/TransformGizmo/Xray.uexp" 49
"../../../Engine/Content/VREditor/TransformGizmo/SM_Sequencer_Node.ubulk" 50
"../../../Engine/Content/VREditor/TransformGizmo/SM_Sequencer_Node.uasset" 51
"../../../Engine/Content/VREditor/TransformGizmo/SM_Sequencer_Node.uexp" 52
"../../../Engine/Content/EditorMaterials/Camera/CineMat.uasset" 53
"../../../Engine/Content/EditorMaterials/Camera/CineMat.uexp" 54
"../../../Engine/Content/EditorMaterials/Camera/MI_CineMat_Rig.uasset" 55
"../../../Engine/Content/EditorMaterials/Camera/MI_CineMat_Rig.uexp" 56
"../../../Engine/Content/EditorMeshes/Camera/SM_CraneRig_Base.ubulk" 57
"../../../Engine/Content/EditorMeshes/Camera/SM_CraneRig_Base.uasset" 58
"../../../Engine/Content/EditorMeshes/Camera/SM_CraneRig_Base.uexp" 59
"../../../Engine/Content/EditorMeshes/Camera/SM_CraneRig_Arm.ubulk" 60
"../../../Engine/Content/EditorMeshes/Camera/SM_CraneRig_Arm.uasset" 61
"../../../Engine/Content/EditorMeshes/Camera/SM_CraneRig_Arm.uexp" 62
"../../../Engine/Content/EditorMeshes/Camera/SM_CraneRig_Mount.ubulk" 63
"../../../Engine/Content/EditorMeshes/Camera/SM_CraneRig_Mount.uasset" 64
"../../../Engine/Content/EditorMeshes/Camera/SM_CraneRig_Mount.uexp" 65
"../../../Engine/Content/EditorMeshes/Camera/SM_CraneRig_Body.ubulk" 66
"../../../Engine/Content/EditorMeshes/Camera/SM_CraneRig_Body.uasset" 67
"../../../Engine/Content/EditorMeshes/Camera/SM_CraneRig_Body.uexp" 68
"../../../Engine/Content/EditorMeshes/Camera/SM_RailRig_Track.ubulk" 69
"../../../Engine/Content/EditorMeshes/Camera/SM_RailRig_Track.uasset" 70
"../../../Engine/Content/EditorMeshes/Camera/SM_RailRig_Track.uexp" 71
"../../../Engine/Content/EditorMeshes/Camera/SM_RailRig_Mount.ubulk" 72
"../../../Engine/Content/EditorMeshes/Camera/SM_RailRig_Mount.uasset" 73
"../../../Engine/Content/EditorMeshes/Camera/SM_RailRig_Mount.uexp" 74
"../../../Engine/Content/EngineMaterials/T_Default_Material_Grid_M.ubulk" 75
"../../../Engine/Content/EngineMaterials/T_Default_Material_Grid_M.uasset" 76
"../../../Engine/Content/EngineMaterials/T_Default_Material_Grid_M.uexp" 77
"../../../Engine/Content/EngineMaterials/T_Default_Material_Grid_N.ubulk" 78
"../../../Engine/Content/EngineMaterials/T_Default_Material_Grid_N.uasset" 79
"../../../Engine/Content/EngineMaterials/T_Default_Material_Grid_N.uexp" 80
"../../../Engine/Content/Functions/Engine_MaterialFunctions01/Opacity/CameraDepthFade.uasset" 81
"../../../Engine/Content/Functions/Engine_MaterialFunctions01/Opacity/CameraDepthFade.uexp" 82
"../../../Engine/Content/EngineMaterials/WorldGridMaterial.uasset" 83
"../../../Engine/Content/EngineMaterials/WorldGridMaterial.uexp" 84
"../../../Engine/Content/ArtTools/RenderToTexture/Meshes/S_1_Unit_Plane.ubulk" 85
"../../../Engine/Content/ArtTools/RenderToTexture/Meshes/S_1_Unit_Plane.uasset" 86
"../../../Engine/Content/ArtTools/RenderToTexture/Meshes/S_1_Unit_Plane.uexp" 87
"../../../Engine/Content/EditorMaterials/ParticleSystems/PSysThumbnail_NoImage.ubulk" 88
"../../../Engine/Content/EditorMaterials/ParticleSystems/PSysThumbnail_NoImage.uasset" 89
"../../../Engine/Content/EditorMaterials/ParticleSystems/PSysThumbnail_NoImage.uexp" 90
"../../../Engine/Content/EditorMaterials/ParticleSystems/PSysThumbnail_OOD.ubulk" 91
"../../../Engine/Content/EditorMaterials/ParticleSystems/PSysThumbnail_OOD.uasset" 92
"../../../Engine/Content/EditorMaterials/ParticleSystems/PSysThumbnail_OOD.uexp" 93
"../../../Engine/Content/EditorLandscapeResources/SplineEditorMeshMat.uasset" 94
"../../../Engine/Content/EditorLandscapeResources/SplineEditorMeshMat.uexp" 95
"../../../Engine/Content/EditorLandscapeResources/SplineEditorMesh.ubulk" 96
"../../../Engine/Content/EditorLandscapeResources/SplineEditorMesh.uasset" 97
"../../../Engine/Content/EditorLandscapeResources/SplineEditorMesh.uexp" 98
"../../../Engine/Content/EditorResources/S_Solver.ubulk" 99
"../../../Engine/Content/EditorResources/S_Solver.uasset" 100
"../../../Engine/Content/EditorResources/S_Solver.uexp" 101
"../../../Engine/Plugins/Media/MediaPlate/Content/SM_MediaPlateScreen.ubulk" 102
"../../../Engine/Plugins/Media/MediaPlate/Content/SM_MediaPlateScreen.uasset" 103
"../../../Engine/Plugins/Media/MediaPlate/Content/SM_MediaPlateScreen.uexp" 104
"../../../Engine/Content/EngineMaterials/Good64x64TilingNoiseHighFreq.uasset" 105
"../../../Engine/Content/EngineMaterials/Good64x64TilingNoiseHighFreq.uexp" 106
"../../../Engine/Content/EngineMaterials/DefaultBokeh.uasset" 107
"../../../Engine/Content/EngineMaterials/DefaultBokeh.uexp" 108
"../../../Engine/Content/EngineMaterials/PreintegratedSkinBRDF.uasset" 109
"../../../Engine/Content/EngineMaterials/PreintegratedSkinBRDF.uexp" 110
"../../../Engine/Content/EngineMaterials/MiniFont.uasset" 111
"../../../Engine/Content/EngineMaterials/MiniFont.uexp" 112
"../../../Engine/Content/EngineMaterials/WeightMapPlaceholderTexture.uasset" 113
"../../../Engine/Content/EngineMaterials/WeightMapPlaceholderTexture.uexp" 114
"../../../Engine/Content/EngineMaterials/DefaultWhiteGrid.ubulk" 115
"../../../Engine/Content/EngineMaterials/DefaultWhiteGrid.uasset" 116
"../../../Engine/Content/EngineMaterials/DefaultWhiteGrid.uexp" 117
"../../../Engine/Plugins/2D/Paper2D/Content/PlaceholderTextures/DummySpriteTexture.ubulk" 118
"../../../Engine/Plugins/2D/Paper2D/Content/PlaceholderTextures/DummySpriteTexture.uasset" 119
"../../../Engine/Plugins/2D/Paper2D/Content/PlaceholderTextures/DummySpriteTexture.uexp" 120
"../../../Engine/Plugins/2D/Paper2D/Content/DefaultSpriteMaterial.uasset" 121
"../../../Engine/Plugins/2D/Paper2D/Content/DefaultSpriteMaterial.uexp" 122
"../../../Engine/Plugins/2D/Paper2D/Content/OpaqueUnlitSpriteMaterial.uasset" 123
"../../../Engine/Plugins/2D/Paper2D/Content/OpaqueUnlitSpriteMaterial.uexp" 124
"../../../Engine/Plugins/2D/Paper2D/Content/MaskedUnlitSpriteMaterial.uasset" 125
"../../../Engine/Plugins/2D/Paper2D/Content/MaskedUnlitSpriteMaterial.uexp" 126
"../../../Engine/Plugins/2D/Paper2D/Content/DummySprite.uasset" 127
"../../../Engine/Plugins/2D/Paper2D/Content/DummySprite.uexp" 128
"../../../Engine/Plugins/2D/Paper2D/Content/DefaultPaperTerrainMaterial.uasset" 129
"../../../Engine/Plugins/2D/Paper2D/Content/DefaultPaperTerrainMaterial.uexp" 130
"../../../Engine/Content/Functions/Engine_MaterialFunctions02/WorldPositionOffset/CameraOffset.uasset" 131
"../../../Engine/Content/Functions/Engine_MaterialFunctions02/WorldPositionOffset/CameraOffset.uexp" 132
"../../../Engine/Plugins/Animation/ControlRig/Content/M_Manip.uasset" 133
"../../../Engine/Plugins/Animation/ControlRig/Content/M_Manip.uexp" 134
"../../../Engine/Content/EngineMaterials/DefaultMaterial.uasset" 135
"../../../Engine/Content/EngineMaterials/DefaultMaterial.uexp" 136
"../../../Engine/Content/BasicShapes/Sphere.ubulk" 137
"../../../Engine/Content/BasicShapes/Sphere.uasset" 138
"../../../Engine/Content/BasicShapes/Sphere.uexp" 139
"../../../Engine/Content/BasicShapes/Plane.ubulk" 140
"../../../Engine/Content/BasicShapes/Plane.uasset" 141
"../../../Engine/Content/BasicShapes/Plane.uexp" 142
"../../../Engine/Content/BasicShapes/Cylinder.ubulk" 143
"../../../Engine/Content/BasicShapes/Cylinder.uasset" 144
"../../../Engine/Content/BasicShapes/Cylinder.uexp" 145
"../../../Engine/Content/BasicShapes/Cube.ubulk" 146
"../../../Engine/Content/BasicShapes/Cube.uasset" 147
"../../../Engine/Content/BasicShapes/Cube.uexp" 148
"../../../Engine/Content/BasicShapes/Cone.ubulk" 149
"../../../Engine/Content/BasicShapes/Cone.uasset" 150
"../../../Engine/Content/BasicShapes/Cone.uexp" 151
"../../../Engine/Content/EditorLandscapeResources/DefaultAlphaTexture.uasset" 152
"../../../Engine/Content/EditorLandscapeResources/DefaultAlphaTexture.uexp" 153
"../../../Engine/Content/EditorLandscapeResources/DataLayer.uasset" 154
"../../../Engine/Content/EditorLandscapeResources/DataLayer.uexp" 155
"../../../Engine/Content/EngineResources/WhiteSquareTexture.uasset" 156
"../../../Engine/Content/EngineResources/WhiteSquareTexture.uexp" 157
"../../../Engine/Content/EngineMaterials/Widget3DPassThrough.uasset" 158
"../../../Engine/Content/EngineMaterials/Widget3DPassThrough.uexp" 159
"../../../Engine/Content/EngineMaterials/Widget3DPassThrough_Translucent.uasset" 160
"../../../Engine/Content/EngineMaterials/Widget3DPassThrough_Translucent.uexp" 161
"../../../Engine/Content/EngineMaterials/Widget3DPassThrough_Translucent_OneSided.uasset" 162
"../../../Engine/Content/EngineMaterials/Widget3DPassThrough_Translucent_OneSided.uexp" 163
"../../../Engine/Content/EngineMaterials/Widget3DPassThrough_Opaque.uasset" 164
"../../../Engine/Content/EngineMaterials/Widget3DPassThrough_Opaque.uexp" 165
"../../../Engine/Content/EngineMaterials/Widget3DPassThrough_Opaque_OneSided.uasset" 166
"../../../Engine/Content/EngineMaterials/Widget3DPassThrough_Opaque_OneSided.uexp" 167
"../../../Engine/Content/EngineMaterials/Widget3DPassThrough_Masked_OneSided.uasset" 168
"../../../Engine/Content/EngineMaterials/Widget3DPassThrough_Masked_OneSided.uexp" 169
"../../../Engine/Content/EngineMaterials/Widget3DPassThrough_Masked.uasset" 170
"../../../Engine/Content/EngineMaterials/Widget3DPassThrough_Masked.uexp" 171
"../../../Engine/Content/EngineMaterials/STBlueNoise_vec2_128x128x64.uasset" 172
"../../../Engine/Content/EngineMaterials/STBlueNoise_vec2_128x128x64.uexp" 173
"../../../Engine/Content/EngineMaterials/STBlueNoise_scalar_128x128x64.uasset" 174
"../../../Engine/Content/EngineMaterials/STBlueNoise_scalar_128x128x64.uexp" 175
"../../../Engine/Content/EngineMaterials/RemoveSurfaceMaterial.uasset" 176
"../../../Engine/Content/EngineMaterials/RemoveSurfaceMaterial.uexp" 177
"../../../Engine/Content/EngineMaterials/DefaultCalibrationGrayscale.uasset" 178
"../../../Engine/Content/EngineMaterials/DefaultCalibrationGrayscale.uexp" 179
"../../../Engine/Content/EngineMaterials/PPM_DefaultCalibrationGrayscale.uasset" 180
"../../../Engine/Content/EngineMaterials/PPM_DefaultCalibrationGrayscale.uexp" 181
"../../../Engine/Content/EngineMaterials/DefaultCalibrationColor.uasset" 182
"../../../Engine/Content/EngineMaterials/DefaultCalibrationColor.uexp" 183
"../../../Engine/Content/EngineMaterials/PPM_DefaultCalibrationColor.uasset" 184
"../../../Engine/Content/EngineMaterials/PPM_DefaultCalibrationColor.uexp" 185
"../../../Engine/Content/EngineMaterials/PhAT_JointLimitMaterial.uasset" 186
"../../../Engine/Content/EngineMaterials/PhAT_JointLimitMaterial.uexp" 187
"../../../Engine/Content/EngineMaterials/NaniteHiddenSectionMaterial.uasset" 188
"../../../Engine/Content/EngineMaterials/NaniteHiddenSectionMaterial.uexp" 189
"../../../Engine/Plugins/Animation/ControlRig/Content/Controls/ControlRig_Wedge_solid.ubulk" 190
"../../../Engine/Plugins/Animation/ControlRig/Content/Controls/ControlRig_Wedge_solid.uasset" 191
"../../../Engine/Plugins/Animation/ControlRig/Content/Controls/ControlRig_Wedge_solid.uexp" 192
"../../../Engine/Plugins/Animation/ControlRig/Content/Controls/ControlRig_Wedge_3mm.ubulk" 193
"../../../Engine/Plugins/Animation/ControlRig/Content/Controls/ControlRig_Wedge_3mm.uasset" 194
"../../../Engine/Plugins/Animation/ControlRig/Content/Controls/ControlRig_Wedge_3mm.uexp" 195
"../../../Engine/Plugins/Animation/ControlRig/Content/Controls/ControlRig_Wedge_1mm.ubulk" 196
"../../../Engine/Plugins/Animation/ControlRig/Content/Controls/ControlRig_Wedge_1mm.uasset" 197
"../../../Engine/Plugins/Animation/ControlRig/Content/Controls/ControlRig_Wedge_1mm.uexp" 198
"../../../Engine/Plugins/Animation/ControlRig/Content/Controls/ControlRig_Triangle_solid.ubulk" 199
"../../../Engine/Plugins/Animation/ControlRig/Content/Controls/ControlRig_Triangle_solid.uasset" 200
"../../../Engine/Plugins/Animation/ControlRig/Content/Controls/ControlRig_Triangle_solid.uexp" 201
"../../../Engine/Plugins/Animation/ControlRig/Content/Controls/ControlRig_Triangle_3mm.ubulk" 202
"../../../Engine/Plugins/Animation/ControlRig/Content/Controls/ControlRig_Triangle_3mm.uasset" 203
"../../../Engine/Plugins/Animation/ControlRig/Content/Controls/ControlRig_Triangle_3mm.uexp" 204
"../../../Engine/Plugins/Animation/ControlRig/Content/Controls/ControlRig_Triangle_1mm.ubulk" 205
"../../../Engine/Plugins/Animation/ControlRig/Content/Controls/ControlRig_Triangle_1mm.uasset" 206
"../../../Engine/Plugins/Animation/ControlRig/Content/Controls/ControlRig_Triangle_1mm.uexp" 207
"../../../Engine/Plugins/Animation/ControlRig/Content/Controls/ControlRig_Star4_solid.ubulk" 208
"../../../Engine/Plugins/Animation/ControlRig/Content/Controls/ControlRig_Star4_solid.uasset" 209
"../../../Engine/Plugins/Animation/ControlRig/Content/Controls/ControlRig_Star4_solid.uexp" 210
"../../../Engine/Plugins/Animation/ControlRig/Content/Controls/ControlRig_Star4_3mm.ubulk" 211
"../../../Engine/Plugins/Animation/ControlRig/Content/Controls/ControlRig_Star4_3mm.uasset" 212
"../../../Engine/Plugins/Animation/ControlRig/Content/Controls/ControlRig_Star4_3mm.uexp" 213
"../../../Engine/Plugins/Animation/ControlRig/Content/Controls/ControlRig_Star4_1mm.ubulk" 214
"../../../Engine/Plugins/Animation/ControlRig/Content/Controls/ControlRig_Star4_1mm.uasset" 215
"../../../Engine/Plugins/Animation/ControlRig/Content/Controls/ControlRig_Star4_1mm.uexp" 216
"../../../Engine/Plugins/Animation/ControlRig/Content/Controls/ControlRig_Square_solid.ubulk" 217
"../../../Engine/Plugins/Animation/ControlRig/Content/Controls/ControlRig_Square_solid.uasset" 218
"../../../Engine/Plugins/Animation/ControlRig/Content/Controls/ControlRig_Square_solid.uexp" 219
"../../../Engine/Plugins/Animation/ControlRig/Content/Controls/ControlRig_Square_3mm.ubulk" 220
"../../../Engine/Plugins/Animation/ControlRig/Content/Controls/ControlRig_Square_3mm.uasset" 221
"../../../Engine/Plugins/Animation/ControlRig/Content/Controls/ControlRig_Square_3mm.uexp" 222
"../../../Engine/Plugins/Animation/ControlRig/Content/Controls/ControlRig_Square_1mm.ubulk" 223
"../../../Engine/Plugins/Animation/ControlRig/Content/Controls/ControlRig_Square_1mm.uasset" 224
"../../../Engine/Plugins/Animation/ControlRig/Content/Controls/ControlRig_Square_1mm.uexp" 225
"../../../Engine/Plugins/Animation/ControlRig/Content/Controls/ControlRig_Sphere_solid.ubulk" 226
"../../../Engine/Plugins/Animation/ControlRig/Content/Controls/ControlRig_Sphere_solid.uasset" 227
"../../../Engine/Plugins/Animation/ControlRig/Content/Controls/ControlRig_Sphere_solid.uexp" 228
"../../../Engine/Plugins/Animation/ControlRig/Content/Controls/ControlRig_Sphere_3mm.ubulk" 229
"../../../Engine/Plugins/Animation/ControlRig/Content/Controls/ControlRig_Sphere_3mm.uasset" 230
"../../../Engine/Plugins/Animation/ControlRig/Content/Controls/ControlRig_Sphere_3mm.uexp" 231
"../../../Engine/Plugins/Animation/ControlRig/Content/Controls/ControlRig_Sphere_1mm.ubulk" 232
"../../../Engine/Plugins/Animation/ControlRig/Content/Controls/ControlRig_Sphere_1mm.uasset" 233
"../../../Engine/Plugins/Animation/ControlRig/Content/Controls/ControlRig_Sphere_1mm.uexp" 234
"../../../Engine/Plugins/Animation/ControlRig/Content/Controls/ControlRig_RoundedTriangle_solid.ubulk" 235
"../../../Engine/Plugins/Animation/ControlRig/Content/Controls/ControlRig_RoundedTriangle_solid.uasset" 236
"../../../Engine/Plugins/Animation/ControlRig/Content/Controls/ControlRig_RoundedTriangle_solid.uexp" 237
"../../../Engine/Plugins/Animation/ControlRig/Content/Controls/ControlRig_RoundedTriangle_3mm.ubulk" 238
"../../../Engine/Plugins/Animation/ControlRig/Content/Controls/ControlRig_RoundedTriangle_3mm.uasset" 239
"../../../Engine/Plugins/Animation/ControlRig/Content/Controls/ControlRig_RoundedTriangle_3mm.uexp" 240
"../../../Engine/Plugins/Animation/ControlRig/Content/Controls/ControlRig_RoundedTriangle_1mm.ubulk" 241
"../../../Engine/Plugins/Animation/ControlRig/Content/Controls/ControlRig_RoundedTriangle_1mm.uasset" 242
"../../../Engine/Plugins/Animation/ControlRig/Content/Controls/ControlRig_RoundedTriangle_1mm.uexp" 243
"../../../Engine/Plugins/Animation/ControlRig/Content/Controls/ControlRig_RoundedSquare_solid.ubulk" 244
"../../../Engine/Plugins/Animation/ControlRig/Content/Controls/ControlRig_RoundedSquare_solid.uasset" 245
"../../../Engine/Plugins/Animation/ControlRig/Content/Controls/ControlRig_RoundedSquare_solid.uexp" 246
"../../../Engine/Plugins/Animation/ControlRig/Content/Controls/ControlRig_RoundedSquare_3mm.ubulk" 247
"../../../Engine/Plugins/Animation/ControlRig/Content/Controls/ControlRig_RoundedSquare_3mm.uasset" 248
"../../../Engine/Plugins/Animation/ControlRig/Content/Controls/ControlRig_RoundedSquare_3mm.uexp" 249
"../../../Engine/Plugins/Animation/ControlRig/Content/Controls/ControlRig_RoundedSquare_1mm.ubulk" 250
"../../../Engine/Plugins/Animation/ControlRig/Content/Controls/ControlRig_RoundedSquare_1mm.uasset" 251
"../../../Engine/Plugins/Animation/ControlRig/Content/Controls/ControlRig_RoundedSquare_1mm.uexp" 252
"../../../Engine/Plugins/Animation/ControlRig/Content/Controls/ControlRig_QuarterCircle_solid.ubulk" 253
"../../../Engine/Plugins/Animation/ControlRig/Content/Controls/ControlRig_QuarterCircle_solid.uasset" 254
"../../../Engine/Plugins/Animation/ControlRig/Content/Controls/ControlRig_QuarterCircle_solid.uexp" 255
"../../../Engine/Plugins/Animation/ControlRig/Content/Controls/ControlRig_QuarterCircle_3mm.ubulk" 256
"../../../Engine/Plugins/Animation/ControlRig/Content/Controls/ControlRig_QuarterCircle_3mm.uasset" 257
"../../../Engine/Plugins/Animation/ControlRig/Content/Controls/ControlRig_QuarterCircle_3mm.uexp" 258
"../../../Engine/Plugins/Animation/ControlRig/Content/Controls/ControlRig_QuarterCircle_1mm.ubulk" 259
"../../../Engine/Plugins/Animation/ControlRig/Content/Controls/ControlRig_QuarterCircle_1mm.uasset" 260
"../../../Engine/Plugins/Animation/ControlRig/Content/Controls/ControlRig_QuarterCircle_1mm.uexp" 261
"../../../Engine/Plugins/Animation/ControlRig/Content/Controls/ControlRig_Pyramid_solid.ubulk" 262
"../../../Engine/Plugins/Animation/ControlRig/Content/Controls/ControlRig_Pyramid_solid.uasset" 263
"../../../Engine/Plugins/Animation/ControlRig/Content/Controls/ControlRig_Pyramid_solid.uexp" 264
"../../../Engine/Plugins/Animation/ControlRig/Content/Controls/ControlRig_Pyramid_3mm.ubulk" 265
"../../../Engine/Plugins/Animation/ControlRig/Content/Controls/ControlRig_Pyramid_3mm.uasset" 266
"../../../Engine/Plugins/Animation/ControlRig/Content/Controls/ControlRig_Pyramid_3mm.uexp" 267
"../../../Engine/Plugins/Animation/ControlRig/Content/Controls/ControlRig_Pyramid_1mm.ubulk" 268
"../../../Engine/Plugins/Animation/ControlRig/Content/Controls/ControlRig_Pyramid_1mm.uasset" 269
"../../../Engine/Plugins/Animation/ControlRig/Content/Controls/ControlRig_Pyramid_1mm.uexp" 270
"../../../Engine/Plugins/Animation/ControlRig/Content/Controls/ControlRig_Octagon_solid.ubulk" 271
"../../../Engine/Plugins/Animation/ControlRig/Content/Controls/ControlRig_Octagon_solid.uasset" 272
"../../../Engine/Plugins/Animation/ControlRig/Content/Controls/ControlRig_Octagon_solid.uexp" 273
"../../../Engine/Plugins/Animation/ControlRig/Content/Controls/ControlRig_Octagon_3mm.ubulk" 274
"../../../Engine/Plugins/Animation/ControlRig/Content/Controls/ControlRig_Octagon_3mm.uasset" 275
"../../../Engine/Plugins/Animation/ControlRig/Content/Controls/ControlRig_Octagon_3mm.uexp" 276
"../../../Engine/Plugins/Animation/ControlRig/Content/Controls/ControlRig_Octagon_1mm.ubulk" 277
"../../../Engine/Plugins/Animation/ControlRig/Content/Controls/ControlRig_Octagon_1mm.uasset" 278
"../../../Engine/Plugins/Animation/ControlRig/Content/Controls/ControlRig_Octagon_1mm.uexp" 279
"../../../Engine/Plugins/Animation/ControlRig/Content/Controls/ControlRig_Hexagon_solid.ubulk" 280
"../../../Engine/Plugins/Animation/ControlRig/Content/Controls/ControlRig_Hexagon_solid.uasset" 281
"../../../Engine/Plugins/Animation/ControlRig/Content/Controls/ControlRig_Hexagon_solid.uexp" 282
"../../../Engine/Plugins/Animation/ControlRig/Content/Controls/ControlRig_Hexagon_3mm.ubulk" 283
"../../../Engine/Plugins/Animation/ControlRig/Content/Controls/ControlRig_Hexagon_3mm.uasset" 284
"../../../Engine/Plugins/Animation/ControlRig/Content/Controls/ControlRig_Hexagon_3mm.uexp" 285
"../../../Engine/Plugins/Animation/ControlRig/Content/Controls/ControlRig_Hexagon_1mm.ubulk" 286
"../../../Engine/Plugins/Animation/ControlRig/Content/Controls/ControlRig_Hexagon_1mm.uasset" 287
"../../../Engine/Plugins/Animation/ControlRig/Content/Controls/ControlRig_Hexagon_1mm.uexp" 288
"../../../Engine/Plugins/Animation/ControlRig/Content/Controls/ControlRig_HalfCircle_solid.ubulk" 289
"../../../Engine/Plugins/Animation/ControlRig/Content/Controls/ControlRig_HalfCircle_solid.uasset" 290
"../../../Engine/Plugins/Animation/ControlRig/Content/Controls/ControlRig_HalfCircle_solid.uexp" 291
"../../../Engine/Plugins/Animation/ControlRig/Content/Controls/ControlRig_HalfCircle_3mm.ubulk" 292
"../../../Engine/Plugins/Animation/ControlRig/Content/Controls/ControlRig_HalfCircle_3mm.uasset" 293
"../../../Engine/Plugins/Animation/ControlRig/Content/Controls/ControlRig_HalfCircle_3mm.uexp" 294
"../../../Engine/Plugins/Animation/ControlRig/Content/Controls/ControlRig_HalfCircle_1mm.ubulk" 295
"../../../Engine/Plugins/Animation/ControlRig/Content/Controls/ControlRig_HalfCircle_1mm.uasset" 296
"../../../Engine/Plugins/Animation/ControlRig/Content/Controls/ControlRig_HalfCircle_1mm.uexp" 297
"../../../Engine/Plugins/Animation/ControlRig/Content/Controls/ControlRig_Diamond_solid.ubulk" 298
"../../../Engine/Plugins/Animation/ControlRig/Content/Controls/ControlRig_Diamond_solid.uasset" 299
"../../../Engine/Plugins/Animation/ControlRig/Content/Controls/ControlRig_Diamond_solid.uexp" 300
"../../../Engine/Plugins/Animation/ControlRig/Content/Controls/ControlRig_Diamond_3mm.ubulk" 301
"../../../Engine/Plugins/Animation/ControlRig/Content/Controls/ControlRig_Diamond_3mm.uasset" 302
"../../../Engine/Plugins/Animation/ControlRig/Content/Controls/ControlRig_Diamond_3mm.uexp" 303
"../../../Engine/Plugins/Animation/ControlRig/Content/Controls/ControlRig_Diamond_1mm.ubulk" 304
"../../../Engine/Plugins/Animation/ControlRig/Content/Controls/ControlRig_Diamond_1mm.uasset" 305
"../../../Engine/Plugins/Animation/ControlRig/Content/Controls/ControlRig_Diamond_1mm.uexp" 306
"../../../Engine/Plugins/Animation/ControlRig/Content/Controls/ControlRig_Circle_solid.ubulk" 307
"../../../Engine/Plugins/Animation/ControlRig/Content/Controls/ControlRig_Circle_solid.uasset" 308
"../../../Engine/Plugins/Animation/ControlRig/Content/Controls/ControlRig_Circle_solid.uexp" 309
"../../../Engine/Plugins/Animation/ControlRig/Content/Controls/ControlRig_Circle_3mm.ubulk" 310
"../../../Engine/Plugins/Animation/ControlRig/Content/Controls/ControlRig_Circle_3mm.uasset" 311
"../../../Engine/Plugins/Animation/ControlRig/Content/Controls/ControlRig_Circle_3mm.uexp" 312
"../../../Engine/Plugins/Animation/ControlRig/Content/Controls/ControlRig_Circle_1mm.ubulk" 313
"../../../Engine/Plugins/Animation/ControlRig/Content/Controls/ControlRig_Circle_1mm.uasset" 314
"../../../Engine/Plugins/Animation/ControlRig/Content/Controls/ControlRig_Circle_1mm.uexp" 315
"../../../Engine/Plugins/Animation/ControlRig/Content/Controls/ControlRig_Box_solid.ubulk" 316
"../../../Engine/Plugins/Animation/ControlRig/Content/Controls/ControlRig_Box_solid.uasset" 317
"../../../Engine/Plugins/Animation/ControlRig/Content/Controls/ControlRig_Box_solid.uexp" 318
"../../../Engine/Plugins/Animation/ControlRig/Content/Controls/ControlRig_Box_3mm.ubulk" 319
"../../../Engine/Plugins/Animation/ControlRig/Content/Controls/ControlRig_Box_3mm.uasset" 320
"../../../Engine/Plugins/Animation/ControlRig/Content/Controls/ControlRig_Box_3mm.uexp" 321
"../../../Engine/Plugins/Animation/ControlRig/Content/Controls/ControlRig_Box_1mm.ubulk" 322
"../../../Engine/Plugins/Animation/ControlRig/Content/Controls/ControlRig_Box_1mm.uasset" 323
"../../../Engine/Plugins/Animation/ControlRig/Content/Controls/ControlRig_Box_1mm.uexp" 324
"../../../Engine/Plugins/Animation/ControlRig/Content/Controls/ControlRig_Arrow_solid.ubulk" 325
"../../../Engine/Plugins/Animation/ControlRig/Content/Controls/ControlRig_Arrow_solid.uasset" 326
"../../../Engine/Plugins/Animation/ControlRig/Content/Controls/ControlRig_Arrow_solid.uexp" 327
"../../../Engine/Plugins/Animation/ControlRig/Content/Controls/ControlRig_Arrow_3mm.ubulk" 328
"../../../Engine/Plugins/Animation/ControlRig/Content/Controls/ControlRig_Arrow_3mm.uasset" 329
"../../../Engine/Plugins/Animation/ControlRig/Content/Controls/ControlRig_Arrow_3mm.uexp" 330
"../../../Engine/Plugins/Animation/ControlRig/Content/Controls/ControlRig_Arrow_1mm.ubulk" 331
"../../../Engine/Plugins/Animation/ControlRig/Content/Controls/ControlRig_Arrow_1mm.uasset" 332
"../../../Engine/Plugins/Animation/ControlRig/Content/Controls/ControlRig_Arrow_1mm.uexp" 333
"../../../Engine/Plugins/Animation/ControlRig/Content/Controls/ControlRig_Arrow4_solid.ubulk" 334
"../../../Engine/Plugins/Animation/ControlRig/Content/Controls/ControlRig_Arrow4_solid.uasset" 335
"../../../Engine/Plugins/Animation/ControlRig/Content/Controls/ControlRig_Arrow4_solid.uexp" 336
"../../../Engine/Plugins/Animation/ControlRig/Content/Controls/ControlRig_Arrow4_3mm.ubulk" 337
"../../../Engine/Plugins/Animation/ControlRig/Content/Controls/ControlRig_Arrow4_3mm.uasset" 338
"../../../Engine/Plugins/Animation/ControlRig/Content/Controls/ControlRig_Arrow4_3mm.uexp" 339
"../../../Engine/Plugins/Animation/ControlRig/Content/Controls/ControlRig_Arrow4_1mm.ubulk" 340
"../../../Engine/Plugins/Animation/ControlRig/Content/Controls/ControlRig_Arrow4_1mm.uasset" 341
"../../../Engine/Plugins/Animation/ControlRig/Content/Controls/ControlRig_Arrow4_1mm.uexp" 342
"../../../Engine/Plugins/Animation/ControlRig/Content/Controls/ControlRig_Arrow2_solid.ubulk" 343
"../../../Engine/Plugins/Animation/ControlRig/Content/Controls/ControlRig_Arrow2_solid.uasset" 344
"../../../Engine/Plugins/Animation/ControlRig/Content/Controls/ControlRig_Arrow2_solid.uexp" 345
"../../../Engine/Plugins/Animation/ControlRig/Content/Controls/ControlRig_Arrow2_3mm.ubulk" 346
"../../../Engine/Plugins/Animation/ControlRig/Content/Controls/ControlRig_Arrow2_3mm.uasset" 347
"../../../Engine/Plugins/Animation/ControlRig/Content/Controls/ControlRig_Arrow2_3mm.uexp" 348
"../../../Engine/Plugins/Animation/ControlRig/Content/Controls/ControlRig_Arrow2_1mm.ubulk" 349
"../../../Engine/Plugins/Animation/ControlRig/Content/Controls/ControlRig_Arrow2_1mm.uasset" 350
"../../../Engine/Plugins/Animation/ControlRig/Content/Controls/ControlRig_Arrow2_1mm.uexp" 351
"../../../Engine/Plugins/Animation/ControlRig/Content/Controls/ControlRigXRayMaterial.uasset" 352
"../../../Engine/Plugins/Animation/ControlRig/Content/Controls/ControlRigXRayMaterial.uexp" 353
"../../../Engine/Plugins/Animation/ControlRig/Content/Controls/ControlRigGizmoMaterial.uasset" 354
"../../../Engine/Plugins/Animation/ControlRig/Content/Controls/ControlRigGizmoMaterial.uexp" 355
"../../../Engine/Plugins/Runtime/MeshModelingToolset/Content/Materials/M_DynamicMeshComponentVtxColor.uasset" 356
"../../../Engine/Plugins/Runtime/MeshModelingToolset/Content/Materials/M_DynamicMeshComponentVtxColor.uexp" 357
"../../../Engine/Plugins/Interchange/Runtime/Content/Pipelines/DefaultTexturePipeline.uasset" 358
"../../../Engine/Plugins/Interchange/Runtime/Content/Pipelines/DefaultTexturePipeline.uexp" 359
"../../../Engine/Plugins/Interchange/Runtime/Content/Pipelines/DefaultSceneLevelPipeline.uasset" 360
"../../../Engine/Plugins/Interchange/Runtime/Content/Pipelines/DefaultSceneLevelPipeline.uexp" 361
"../../../Engine/Plugins/Interchange/Runtime/Content/Pipelines/DefaultSceneAssetsPipeline.uasset" 362
"../../../Engine/Plugins/Interchange/Runtime/Content/Pipelines/DefaultSceneAssetsPipeline.uexp" 363
"../../../Engine/Plugins/Interchange/Runtime/Content/Pipelines/DefaultMaterialPipeline.uasset" 364
"../../../Engine/Plugins/Interchange/Runtime/Content/Pipelines/DefaultMaterialPipeline.uexp" 365
"../../../Engine/Plugins/Interchange/Runtime/Content/Pipelines/DefaultAssetsPipeline.uasset" 366
"../../../Engine/Plugins/Interchange/Runtime/Content/Pipelines/DefaultAssetsPipeline.uexp" 367
"../../../Engine/Plugins/Editor/SpeedTreeImporter/Content/SpeedTree9/game_wind_noise.ubulk" 368
"../../../Engine/Plugins/Editor/SpeedTreeImporter/Content/SpeedTree9/game_wind_noise.uasset" 369
"../../../Engine/Plugins/Editor/SpeedTreeImporter/Content/SpeedTree9/game_wind_noise.uexp" 370
"../../../Engine/Plugins/Editor/SpeedTreeImporter/Content/SpeedTree9/UnpackDirection.uasset" 371
"../../../Engine/Plugins/Editor/SpeedTreeImporter/Content/SpeedTree9/UnpackDirection.uexp" 372
"../../../Engine/Content/Functions/Engine_MaterialFunctions02/ObjectLocalBounds.uasset" 373
"../../../Engine/Content/Functions/Engine_MaterialFunctions02/ObjectLocalBounds.uexp" 374
"../../../Engine/Content/Functions/Engine_MaterialFunctions02/Utility/BreakOutFloat3Components.uasset" 375
"../../../Engine/Content/Functions/Engine_MaterialFunctions02/Utility/BreakOutFloat3Components.uexp" 376
"../../../Engine/Content/Functions/Engine_MaterialFunctions02/UVs/BoundingBoxBased_0-1_UVW.uasset" 377
"../../../Engine/Content/Functions/Engine_MaterialFunctions02/UVs/BoundingBoxBased_0-1_UVW.uexp" 378
"../../../Engine/Content/Functions/Engine_MaterialFunctions02/Utility/VectorLength.uasset" 379
"../../../Engine/Content/Functions/Engine_MaterialFunctions02/Utility/VectorLength.uexp" 380
"../../../Engine/Plugins/Editor/SpeedTreeImporter/Content/SpeedTree9/UnpackInteger3.uasset" 381
"../../../Engine/Plugins/Editor/SpeedTreeImporter/Content/SpeedTree9/UnpackInteger3.uexp" 382
"../../../Engine/Plugins/Editor/SpeedTreeImporter/Content/SpeedTree9/SpeedTreeCameraFacing.uasset" 383
"../../../Engine/Plugins/Editor/SpeedTreeImporter/Content/SpeedTree9/SpeedTreeCameraFacing.uexp" 384
"../../../Engine/Content/Functions/Engine_MaterialFunctions02/WorldPositionOffset/ObjectScale.uasset" 385
"../../../Engine/Content/Functions/Engine_MaterialFunctions02/WorldPositionOffset/ObjectScale.uexp" 386
"../../../Engine/Content/Functions/Engine_MaterialFunctions02/SafeNormalize.uasset" 387
"../../../Engine/Content/Functions/Engine_MaterialFunctions02/SafeNormalize.uexp" 388
"../../../Engine/Plugins/Editor/SpeedTreeImporter/Content/SpeedTree9/SpeedTreeWindMotion.uasset" 389
"../../../Engine/Plugins/Editor/SpeedTreeImporter/Content/SpeedTree9/SpeedTreeWindMotion.uexp" 390
"../../../Engine/Plugins/Editor/SpeedTreeImporter/Content/SpeedTree9/SpeedTreeBranchMotion.uasset" 391
"../../../Engine/Plugins/Editor/SpeedTreeImporter/Content/SpeedTree9/SpeedTreeBranchMotion.uexp" 392
"../../../Engine/Plugins/Editor/SpeedTreeImporter/Content/SpeedTree9/SpeedTreeWind.uasset" 393
"../../../Engine/Plugins/Editor/SpeedTreeImporter/Content/SpeedTree9/SpeedTreeWind.uexp" 394
"../../../Engine/Plugins/Editor/SpeedTreeImporter/Content/SpeedTree9/EmptyNormal.uasset" 395
"../../../Engine/Plugins/Editor/SpeedTreeImporter/Content/SpeedTree9/EmptyNormal.uexp" 396
"../../../Engine/Plugins/Editor/SpeedTreeImporter/Content/SpeedTree9/Empty.uasset" 397
"../../../Engine/Plugins/Editor/SpeedTreeImporter/Content/SpeedTree9/Empty.uexp" 398
"../../../Engine/Plugins/Editor/SpeedTreeImporter/Content/SpeedTree9/SpeedTreeMaster.uasset" 399
"../../../Engine/Plugins/Editor/SpeedTreeImporter/Content/SpeedTree9/SpeedTreeMaster.uexp" 400
"../../../Engine/Plugins/Editor/SpeedTreeImporter/Content/SpeedTree9/SpeedTreeBillboard.uasset" 401
"../../../Engine/Plugins/Editor/SpeedTreeImporter/Content/SpeedTree9/SpeedTreeBillboard.uexp" 402
"../../../Engine/Plugins/Editor/SpeedTreeImporter/Content/SpeedTree9/SpeedTreeBillboardMaster.uasset" 403
"../../../Engine/Plugins/Editor/SpeedTreeImporter/Content/SpeedTree9/SpeedTreeBillboardMaster.uexp" 404
"../../../Engine/Content/EngineSounds/Master.uasset" 405
"../../../Engine/Content/EngineSounds/Master.uexp" 406
"../../../Engine/Content/EngineSky/T_Sky_Stars.ubulk" 407
"../../../Engine/Content/EngineSky/T_Sky_Stars.uasset" 408
"../../../Engine/Content/EngineSky/T_Sky_Stars.uexp" 409
"../../../Engine/Content/EngineSky/T_Sky_Clouds_M.ubulk" 410
"../../../Engine/Content/EngineSky/T_Sky_Clouds_M.uasset" 411
"../../../Engine/Content/EngineSky/T_Sky_Clouds_M.uexp" 412
"../../../Engine/Content/EngineSky/T_Sky_Blue.ubulk" 413
"../../../Engine/Content/EngineSky/T_Sky_Blue.uasset" 414
"../../../Engine/Content/EngineSky/T_Sky_Blue.uexp" 415
"../../../Engine/Content/EngineSky/M_Sky_Panning_Clouds2.uasset" 416
"../../../Engine/Content/EngineSky/M_Sky_Panning_Clouds2.uexp" 417
"../../../Engine/Content/EngineSky/SM_SkySphere.ubulk" 418
"../../../Engine/Content/EngineSky/SM_SkySphere.uasset" 419
"../../../Engine/Content/EngineSky/SM_SkySphere.uexp" 420
"../../../Engine/Content/EngineSky/M_SimpleSkyDome.uasset" 421
"../../../Engine/Content/EngineSky/M_SimpleSkyDome.uexp" 422
"D:/Coding Work/GitHub/API_Project/Content/API_Project/Input/Actions/IA_Look.uasset" 423
"D:/Coding Work/GitHub/API_Project/Content/API_Project/Input/Actions/IA_Look.uexp" 424
"D:/Coding Work/GitHub/API_Project/Content/API_Project/Input/Actions/IA_Move.uasset" 425
"D:/Coding Work/GitHub/API_Project/Content/API_Project/Input/Actions/IA_Move.uexp" 426
"D:/Coding Work/GitHub/API_Project/Content/Characters/Mannequins/Meshes/SK_Mannequin.uasset" 427
"D:/Coding Work/GitHub/API_Project/Content/Characters/Mannequins/Meshes/SK_Mannequin.uexp" 428
"D:/Coding Work/GitHub/API_Project/Content/Characters/Mannequins/Textures/Quinn/T_Quinn_02ID_MSR_MSK.ubulk" 429
"D:/Coding Work/GitHub/API_Project/Content/Characters/Mannequins/Textures/Quinn/T_Quinn_02ID_MSR_MSK.uasset" 430
"D:/Coding Work/GitHub/API_Project/Content/Characters/Mannequins/Textures/Quinn/T_Quinn_02ID_MSR_MSK.uexp" 431
"D:/Coding Work/GitHub/API_Project/Content/Characters/Mannequins/Textures/Quinn/T_Quinn_02ID_BN.ubulk" 432
"D:/Coding Work/GitHub/API_Project/Content/Characters/Mannequins/Textures/Quinn/T_Quinn_02ID_BN.uasset" 433
"D:/Coding Work/GitHub/API_Project/Content/Characters/Mannequins/Textures/Quinn/T_Quinn_02ID_BN.uexp" 434
"D:/Coding Work/GitHub/API_Project/Content/Characters/Mannequins/Textures/Quinn/T_Quinn_02_ASAOMASK_MSK.ubulk" 435
"D:/Coding Work/GitHub/API_Project/Content/Characters/Mannequins/Textures/Quinn/T_Quinn_02_ASAOMASK_MSK.uasset" 436
"D:/Coding Work/GitHub/API_Project/Content/Characters/Mannequins/Textures/Quinn/T_Quinn_02_ASAOMASK_MSK.uexp" 437
"D:/Coding Work/GitHub/API_Project/Content/Characters/Mannequins/Textures/Quinn/T_Quinn_02_CCRCCPlastic_MSK.ubulk" 438
"D:/Coding Work/GitHub/API_Project/Content/Characters/Mannequins/Textures/Quinn/T_Quinn_02_CCRCCPlastic_MSK.uasset" 439
"D:/Coding Work/GitHub/API_Project/Content/Characters/Mannequins/Textures/Quinn/T_Quinn_02_CCRCCPlastic_MSK.uexp" 440
"D:/Coding Work/GitHub/API_Project/Content/Characters/Mannequins/Textures/Quinn/T_Quinn_02ID_Tan.ubulk" 441
"D:/Coding Work/GitHub/API_Project/Content/Characters/Mannequins/Textures/Quinn/T_Quinn_02ID_Tan.uasset" 442
"D:/Coding Work/GitHub/API_Project/Content/Characters/Mannequins/Textures/Quinn/T_Quinn_02ID_Tan.uexp" 443
"D:/Coding Work/GitHub/API_Project/Content/Characters/Mannequins/Textures/Quinn/T_Quinn_02ID_D.ubulk" 444
"D:/Coding Work/GitHub/API_Project/Content/Characters/Mannequins/Textures/Quinn/T_Quinn_02ID_D.uasset" 445
"D:/Coding Work/GitHub/API_Project/Content/Characters/Mannequins/Textures/Quinn/T_Quinn_02ID_D.uexp" 446
"D:/Coding Work/GitHub/API_Project/Content/Characters/Mannequins/Textures/Quinn/T_Quinn_01ID_MSR_MSK.ubulk" 447
"D:/Coding Work/GitHub/API_Project/Content/Characters/Mannequins/Textures/Quinn/T_Quinn_01ID_MSR_MSK.uasset" 448
"D:/Coding Work/GitHub/API_Project/Content/Characters/Mannequins/Textures/Quinn/T_Quinn_01ID_MSR_MSK.uexp" 449
"D:/Coding Work/GitHub/API_Project/Content/Characters/Mannequins/Materials/Functions/ChromaticCurve.uasset" 450
"D:/Coding Work/GitHub/API_Project/Content/Characters/Mannequins/Materials/Functions/ChromaticCurve.uexp" 451
"D:/Coding Work/GitHub/API_Project/Content/Characters/Mannequins/Materials/Functions/CA_Mannequin.uasset" 452
"D:/Coding Work/GitHub/API_Project/Content/Characters/Mannequins/Materials/Functions/CA_Mannequin.uexp" 453
"D:/Coding Work/GitHub/API_Project/Content/Characters/Mannequins/Materials/Functions/MF_Diffraction.uasset" 454
"D:/Coding Work/GitHub/API_Project/Content/Characters/Mannequins/Materials/Functions/MF_Diffraction.uexp" 455
"D:/Coding Work/GitHub/API_Project/Content/Characters/Mannequins/Textures/Manny/T_Manny_01_N.ubulk" 456
"D:/Coding Work/GitHub/API_Project/Content/Characters/Mannequins/Textures/Manny/T_Manny_01_N.uasset" 457
"D:/Coding Work/GitHub/API_Project/Content/Characters/Mannequins/Textures/Manny/T_Manny_01_N.uexp" 458
"D:/Coding Work/GitHub/API_Project/Content/Characters/Mannequins/Materials/Functions/ML_BaseColorFallOff.uasset" 459
"D:/Coding Work/GitHub/API_Project/Content/Characters/Mannequins/Materials/Functions/ML_BaseColorFallOff.uexp" 460
"../../../Engine/Content/Functions/Engine_MaterialFunctions02/Utility/BreakOutFloat2Components.uasset" 461
"../../../Engine/Content/Functions/Engine_MaterialFunctions02/Utility/BreakOutFloat2Components.uexp" 462
"../../../Engine/Content/Functions/Engine_MaterialFunctions01/Texturing/ScaleUVsByCenter.uasset" 463
"../../../Engine/Content/Functions/Engine_MaterialFunctions01/Texturing/ScaleUVsByCenter.uexp" 464
"D:/Coding Work/GitHub/API_Project/Content/Characters/Mannequins/Textures/Shared/T_UE_Logo_M.uasset" 465
"D:/Coding Work/GitHub/API_Project/Content/Characters/Mannequins/Textures/Shared/T_UE_Logo_M.uexp" 466
"D:/Coding Work/GitHub/API_Project/Content/Characters/Mannequins/Materials/Functions/MF_logo3layers.uasset" 467
"D:/Coding Work/GitHub/API_Project/Content/Characters/Mannequins/Materials/Functions/MF_logo3layers.uexp" 468
"D:/Coding Work/GitHub/API_Project/Content/Characters/Mannequins/Textures/Manny/T_Manny_01_CCRCCPlastic_MSK.ubulk" 469
"D:/Coding Work/GitHub/API_Project/Content/Characters/Mannequins/Textures/Manny/T_Manny_01_CCRCCPlastic_MSK.uasset" 470
"D:/Coding Work/GitHub/API_Project/Content/Characters/Mannequins/Textures/Manny/T_Manny_01_CCRCCPlastic_MSK.uexp" 471
"D:/Coding Work/GitHub/API_Project/Content/Characters/Mannequins/Textures/Manny/T_Manny_01_ASAOPMASK_MSK.ubulk" 472
"D:/Coding Work/GitHub/API_Project/Content/Characters/Mannequins/Textures/Manny/T_Manny_01_ASAOPMASK_MSK.uasset" 473
"D:/Coding Work/GitHub/API_Project/Content/Characters/Mannequins/Textures/Manny/T_Manny_01_ASAOPMASK_MSK.uexp" 474
"D:/Coding Work/GitHub/API_Project/Content/Characters/Mannequins/Textures/Manny/T_Manny_01_MSR_MSK.ubulk" 475
"D:/Coding Work/GitHub/API_Project/Content/Characters/Mannequins/Textures/Manny/T_Manny_01_MSR_MSK.uasset" 476
"D:/Coding Work/GitHub/API_Project/Content/Characters/Mannequins/Textures/Manny/T_Manny_01_MSR_MSK.uexp" 477
"D:/Coding Work/GitHub/API_Project/Content/Characters/Mannequins/Textures/Manny/T_Manny_01_BN.ubulk" 478
"D:/Coding Work/GitHub/API_Project/Content/Characters/Mannequins/Textures/Manny/T_Manny_01_BN.uasset" 479
"D:/Coding Work/GitHub/API_Project/Content/Characters/Mannequins/Textures/Manny/T_Manny_01_BN.uexp" 480
"D:/Coding Work/GitHub/API_Project/Content/Characters/Mannequins/Textures/Manny/T_Manny_01_D.ubulk" 481
"D:/Coding Work/GitHub/API_Project/Content/Characters/Mannequins/Textures/Manny/T_Manny_01_D.uasset" 482
"D:/Coding Work/GitHub/API_Project/Content/Characters/Mannequins/Textures/Manny/T_Manny_01_D.uexp" 483
"D:/Coding Work/GitHub/API_Project/Content/Characters/Mannequins/Textures/Manny/T_Manny_01_Tan.ubulk" 484
"D:/Coding Work/GitHub/API_Project/Content/Characters/Mannequins/Textures/Manny/T_Manny_01_Tan.uasset" 485
"D:/Coding Work/GitHub/API_Project/Content/Characters/Mannequins/Textures/Manny/T_Manny_01_Tan.uexp" 486
"D:/Coding Work/GitHub/API_Project/Content/Characters/Mannequins/Materials/M_Mannequin.uasset" 487
"D:/Coding Work/GitHub/API_Project/Content/Characters/Mannequins/Materials/M_Mannequin.uexp" 488
"D:/Coding Work/GitHub/API_Project/Content/Characters/Mannequins/Textures/Quinn/T_Quinn_01_ASAOMASK_MSK.ubulk" 489
"D:/Coding Work/GitHub/API_Project/Content/Characters/Mannequins/Textures/Quinn/T_Quinn_01_ASAOMASK_MSK.uasset" 490
"D:/Coding Work/GitHub/API_Project/Content/Characters/Mannequins/Textures/Quinn/T_Quinn_01_ASAOMASK_MSK.uexp" 491
"D:/Coding Work/GitHub/API_Project/Content/Characters/Mannequins/Textures/Quinn/T_Quinn_01ID_N.ubulk" 492
"D:/Coding Work/GitHub/API_Project/Content/Characters/Mannequins/Textures/Quinn/T_Quinn_01ID_N.uasset" 493
"D:/Coding Work/GitHub/API_Project/Content/Characters/Mannequins/Textures/Quinn/T_Quinn_01ID_N.uexp" 494
"D:/Coding Work/GitHub/API_Project/Content/Characters/Mannequins/Textures/Quinn/T_Quinn_01ID_BN.ubulk" 495
"D:/Coding Work/GitHub/API_Project/Content/Characters/Mannequins/Textures/Quinn/T_Quinn_01ID_BN.uasset" 496
"D:/Coding Work/GitHub/API_Project/Content/Characters/Mannequins/Textures/Quinn/T_Quinn_01ID_BN.uexp" 497
"D:/Coding Work/GitHub/API_Project/Content/Characters/Mannequins/Textures/Quinn/T_Quinn_01ID_D.ubulk" 498
"D:/Coding Work/GitHub/API_Project/Content/Characters/Mannequins/Textures/Quinn/T_Quinn_01ID_D.uasset" 499
"D:/Coding Work/GitHub/API_Project/Content/Characters/Mannequins/Textures/Quinn/T_Quinn_01ID_D.uexp" 500
"D:/Coding Work/GitHub/API_Project/Content/Characters/Mannequins/Textures/Quinn/T_Quinn_01ID_Tan.ubulk" 501
"D:/Coding Work/GitHub/API_Project/Content/Characters/Mannequins/Textures/Quinn/T_Quinn_01ID_Tan.uasset" 502
"D:/Coding Work/GitHub/API_Project/Content/Characters/Mannequins/Textures/Quinn/T_Quinn_01ID_Tan.uexp" 503
"D:/Coding Work/GitHub/API_Project/Content/Characters/Mannequins/Textures/Quinn/T_Quinn_01_CCRCCPlastic_MSK.ubulk" 504
"D:/Coding Work/GitHub/API_Project/Content/Characters/Mannequins/Textures/Quinn/T_Quinn_01_CCRCCPlastic_MSK.uasset" 505
"D:/Coding Work/GitHub/API_Project/Content/Characters/Mannequins/Textures/Quinn/T_Quinn_01_CCRCCPlastic_MSK.uexp" 506
"D:/Coding Work/GitHub/API_Project/Content/Characters/Mannequins/Materials/Instances/Quinn/MI_Quinn_01.uasset" 507
"D:/Coding Work/GitHub/API_Project/Content/Characters/Mannequins/Materials/Instances/Quinn/MI_Quinn_01.uexp" 508
"D:/Coding Work/GitHub/API_Project/Content/Characters/Mannequins/Textures/Quinn/T_Quinn_02ID_N.ubulk" 509
"D:/Coding Work/GitHub/API_Project/Content/Characters/Mannequins/Textures/Quinn/T_Quinn_02ID_N.uasset" 510
"D:/Coding Work/GitHub/API_Project/Content/Characters/Mannequins/Textures/Quinn/T_Quinn_02ID_N.uexp" 511
"D:/Coding Work/GitHub/API_Project/Content/Characters/Mannequins/Materials/Instances/Quinn/MI_Quinn_02.uasset" 512
"D:/Coding Work/GitHub/API_Project/Content/Characters/Mannequins/Materials/Instances/Quinn/MI_Quinn_02.uexp" 513
"D:/Coding Work/GitHub/API_Project/Content/Characters/Mannequins/Rigs/PA_Mannequin.uasset" 514
"D:/Coding Work/GitHub/API_Project/Content/Characters/Mannequins/Rigs/PA_Mannequin.uexp" 515
"D:/Coding Work/GitHub/API_Project/Content/Characters/Mannequins/Meshes/SKM_Quinn_Simple.uasset" 516
"D:/Coding Work/GitHub/API_Project/Content/Characters/Mannequins/Meshes/SKM_Quinn_Simple.uexp" 517
"D:/Coding Work/GitHub/API_Project/Content/API_Project/Input/Actions/IA_Crouch.uasset" 518
"D:/Coding Work/GitHub/API_Project/Content/API_Project/Input/Actions/IA_Crouch.uexp" 519
"D:/Coding Work/GitHub/API_Project/Content/API_Project/Input/Actions/IA_Jump.uasset" 520
"D:/Coding Work/GitHub/API_Project/Content/API_Project/Input/Actions/IA_Jump.uexp" 521
"D:/Coding Work/GitHub/API_Project/Content/API_Project/Input/IMC_Default.uasset" 522
"D:/Coding Work/GitHub/API_Project/Content/API_Project/Input/IMC_Default.uexp" 523
"../../../Engine/Content/Animation/DefaultAnimCurveCompressionSettings.uasset" 524
"../../../Engine/Content/Animation/DefaultAnimCurveCompressionSettings.uexp" 525
"../../../Engine/Content/Animation/DefaultAnimBoneCompressionSettings.uasset" 526
"../../../Engine/Content/Animation/DefaultAnimBoneCompressionSettings.uexp" 527
"D:/Coding Work/GitHub/API_Project/Content/Characters/Mannequins/Animations/Quinn/MF_Run_Fwd.uasset" 528
"D:/Coding Work/GitHub/API_Project/Content/Characters/Mannequins/Animations/Quinn/MF_Run_Fwd.uexp" 529
"D:/Coding Work/GitHub/API_Project/Content/Characters/Mannequins/Animations/Quinn/MF_Walk_Fwd.uasset" 530
"D:/Coding Work/GitHub/API_Project/Content/Characters/Mannequins/Animations/Quinn/MF_Walk_Fwd.uexp" 531
"../../../Engine/Content/Animation/DefaultRecorderBoneCompression.uasset" 532
"../../../Engine/Content/Animation/DefaultRecorderBoneCompression.uexp" 533
"D:/Coding Work/GitHub/API_Project/Content/Characters/Mannequins/Animations/Manny/MM_Walk_InPlace.uasset" 534
"D:/Coding Work/GitHub/API_Project/Content/Characters/Mannequins/Animations/Manny/MM_Walk_InPlace.uexp" 535
"D:/Coding Work/GitHub/API_Project/Content/Characters/Mannequins/Animations/Quinn/BS_MF_Unarmed_WalkRun.uasset" 536
"D:/Coding Work/GitHub/API_Project/Content/Characters/Mannequins/Animations/Quinn/BS_MF_Unarmed_WalkRun.uexp" 537
"D:/Coding Work/GitHub/API_Project/Content/Characters/Mannequins/Animations/Quinn/MF_Idle.uasset" 538
"D:/Coding Work/GitHub/API_Project/Content/Characters/Mannequins/Animations/Quinn/MF_Idle.uexp" 539
"D:/Coding Work/GitHub/API_Project/Content/Characters/Mannequins/Animations/Manny/MM_Fall_Loop.uasset" 540
"D:/Coding Work/GitHub/API_Project/Content/Characters/Mannequins/Animations/Manny/MM_Fall_Loop.uexp" 541
"D:/Coding Work/GitHub/API_Project/Content/Characters/Mannequins/Animations/Manny/MM_Jump.uasset" 542
"D:/Coding Work/GitHub/API_Project/Content/Characters/Mannequins/Animations/Manny/MM_Jump.uexp" 543
"../../../Engine/Plugins/Animation/ControlRig/Content/Controls/DefaultGizmoLibrary.uasset" 544
"../../../Engine/Plugins/Animation/ControlRig/Content/Controls/DefaultGizmoLibrary.uexp" 545
"D:/Coding Work/GitHub/API_Project/Content/Characters/Mannequins/Rigs/CR_Mannequin_BasicFootIK.uasset" 546
"D:/Coding Work/GitHub/API_Project/Content/Characters/Mannequins/Rigs/CR_Mannequin_BasicFootIK.uexp" 547
"D:/Coding Work/GitHub/API_Project/Content/Characters/Mannequins/Animations/Manny/MM_Run_Fwd.uasset" 548
"D:/Coding Work/GitHub/API_Project/Content/Characters/Mannequins/Animations/Manny/MM_Run_Fwd.uexp" 549
"D:/Coding Work/GitHub/API_Project/Content/Characters/Mannequins/Animations/Manny/MM_Walk_Fwd.uasset" 550
"D:/Coding Work/GitHub/API_Project/Content/Characters/Mannequins/Animations/Manny/MM_Walk_Fwd.uexp" 551
"D:/Coding Work/GitHub/API_Project/Content/Characters/Mannequins/Animations/Manny/BS_MM_WalkRun.uasset" 552
"D:/Coding Work/GitHub/API_Project/Content/Characters/Mannequins/Animations/Manny/BS_MM_WalkRun.uexp" 553
"D:/Coding Work/GitHub/API_Project/Content/Characters/Mannequins/Animations/Manny/MM_Land.uasset" 554
"D:/Coding Work/GitHub/API_Project/Content/Characters/Mannequins/Animations/Manny/MM_Land.uexp" 555
"D:/Coding Work/GitHub/API_Project/Content/Characters/Mannequins/Animations/Manny/MM_Idle.uasset" 556
"D:/Coding Work/GitHub/API_Project/Content/Characters/Mannequins/Animations/Manny/MM_Idle.uexp" 557
"D:/Coding Work/GitHub/API_Project/Content/Characters/Mannequins/Animations/ABP_Manny.uasset" 558
"D:/Coding Work/GitHub/API_Project/Content/Characters/Mannequins/Animations/ABP_Manny.uexp" 559
"D:/Coding Work/GitHub/API_Project/Content/Characters/Mannequins/Animations/ABP_Quinn.uasset" 560
"D:/Coding Work/GitHub/API_Project/Content/Characters/Mannequins/Animations/ABP_Quinn.uexp" 561
"D:/Coding Work/GitHub/API_Project/Content/API_Project/Blueprints/Player/BP_ThirdPersonCharacter.uasset" 562
"D:/Coding Work/GitHub/API_Project/Content/API_Project/Blueprints/Player/BP_ThirdPersonCharacter.uexp" 563
"../../../Engine/Content/EngineMaterials/InvalidLightmapSettings.ubulk" 564
"../../../Engine/Content/EngineMaterials/InvalidLightmapSettings.uasset" 565
"../../../Engine/Content/EngineMaterials/InvalidLightmapSettings.uexp" 566
"../../../Engine/Content/EngineMaterials/M_InvalidLightmapSettings.uasset" 567
"../../../Engine/Content/EngineMaterials/M_InvalidLightmapSettings.uexp" 568
"../../../Engine/Content/EngineMaterials/GizmoMaterial.uasset" 569
"../../../Engine/Content/EngineMaterials/GizmoMaterial.uexp" 570
"../../../Engine/Content/EngineMaterials/BaseFlattenEmissiveMap_VT.uasset" 571
"../../../Engine/Content/EngineMaterials/BaseFlattenEmissiveMap_VT.uexp" 572
"../../../Engine/Content/EngineMaterials/BaseFlattenGrayscaleMap_VT.uasset" 573
"../../../Engine/Content/EngineMaterials/BaseFlattenGrayscaleMap_VT.uexp" 574
"../../../Engine/Content/EngineMaterials/BaseFlattenLinearColor_VT.uasset" 575
"../../../Engine/Content/EngineMaterials/BaseFlattenLinearColor_VT.uexp" 576
"../../../Engine/Content/EngineMaterials/Black_1x1_EXR_Texture_VT.uasset" 577
"../../../Engine/Content/EngineMaterials/Black_1x1_EXR_Texture_VT.uexp" 578
"../../../Engine/Content/EngineMaterials/BaseFlattenDiffuseMap_VT.uasset" 579
"../../../Engine/Content/EngineMaterials/BaseFlattenDiffuseMap_VT.uexp" 580
"../../../Engine/Content/EngineMaterials/BaseFlattenNormalMap_VT.uasset" 581
"../../../Engine/Content/EngineMaterials/BaseFlattenNormalMap_VT.uexp" 582
"../../../Engine/Content/EngineMaterials/FlattenMaterial_WS_Normal_VT.uasset" 583
"../../../Engine/Content/EngineMaterials/FlattenMaterial_WS_Normal_VT.uexp" 584
"../../../Engine/Content/EngineMaterials/FlattenMaterial_VT.uasset" 585
"../../../Engine/Content/EngineMaterials/FlattenMaterial_VT.uexp" 586
"../../../Engine/Content/EngineMaterials/BaseFlattenNormalMap.uasset" 587
"../../../Engine/Content/EngineMaterials/BaseFlattenNormalMap.uexp" 588
"../../../Engine/Content/EngineMaterials/BaseFlattenGrayscaleMap.uasset" 589
"../../../Engine/Content/EngineMaterials/BaseFlattenGrayscaleMap.uexp" 590
"../../../Engine/Content/EngineMaterials/BaseFlattenDiffuseMap.uasset" 591
"../../../Engine/Content/EngineMaterials/BaseFlattenDiffuseMap.uexp" 592
"../../../Engine/Content/Functions/Engine_MaterialFunctions02/PivotPainter2/Black_1x1_EXR_Texture.uasset" 593
"../../../Engine/Content/Functions/Engine_MaterialFunctions02/PivotPainter2/Black_1x1_EXR_Texture.uexp" 594
"../../../Engine/Content/EngineMaterials/BaseFlattenEmissiveMap.uasset" 595
"../../../Engine/Content/EngineMaterials/BaseFlattenEmissiveMap.uexp" 596
"../../../Engine/Content/EngineMaterials/BaseFlattenLinearColor.uasset" 597
"../../../Engine/Content/EngineMaterials/BaseFlattenLinearColor.uexp" 598
"../../../Engine/Content/EngineMaterials/FlattenMaterial.uasset" 599
"../../../Engine/Content/EngineMaterials/FlattenMaterial.uexp" 600
"../../../Engine/Content/EngineMaterials/DefaultWhiteGrid_Low.uasset" 601
"../../../Engine/Content/EngineMaterials/DefaultWhiteGrid_Low.uexp" 602
"../../../Engine/Content/EngineMaterials/EmissiveMeshMaterial.uasset" 603
"../../../Engine/Content/EngineMaterials/EmissiveMeshMaterial.uexp" 604
"../../../Engine/Content/EngineFonts/RobotoDistanceField.uasset" 605
"../../../Engine/Content/EngineFonts/RobotoDistanceField.uexp" 606
"../../../Engine/Content/EngineMaterials/DefaultTextMaterialOpaque.uasset" 607
"../../../Engine/Content/EngineMaterials/DefaultTextMaterialOpaque.uexp" 608
"../../../Engine/Content/EngineMaterials/DefaultDiffuse.ubulk" 609
"../../../Engine/Content/EngineMaterials/DefaultDiffuse.uasset" 610
"../../../Engine/Content/EngineMaterials/DefaultDiffuse.uexp" 611
"../../../Engine/Content/EngineMaterials/DefaultPostProcessMaterial.uasset" 612
"../../../Engine/Content/EngineMaterials/DefaultPostProcessMaterial.uexp" 613
"../../../Engine/Content/EngineMaterials/DefaultPhysicalMaterial.uasset" 614
"../../../Engine/Content/EngineMaterials/DefaultPhysicalMaterial.uexp" 615
"../../../Engine/Content/EngineMaterials/DefaultLightFunctionMaterial.uasset" 616
"../../../Engine/Content/EngineMaterials/DefaultLightFunctionMaterial.uexp" 617
"../../../Engine/Content/EngineMaterials/DefaultDestructiblePhysicalMaterial.uasset" 618
"../../../Engine/Content/EngineMaterials/DefaultDestructiblePhysicalMaterial.uexp" 619
"../../../Engine/Content/EngineMaterials/DefaultDeferredDecalMaterial.uasset" 620
"../../../Engine/Content/EngineMaterials/DefaultDeferredDecalMaterial.uexp" 621
"../../../Engine/Content/EngineMaterials/DefaultBloomKernel.uasset" 622
"../../../Engine/Content/EngineMaterials/DefaultBloomKernel.uexp" 623
"../../../Engine/Content/EngineFonts/Faces/RobotoLight.uexp" 624
"../../../Engine/Content/EngineFonts/Faces/RobotoLight.uasset" 625
"../../../Engine/Content/EngineFonts/Faces/RobotoLight.ufont" 626
"../../../Engine/Content/EngineFonts/Faces/RobotoBold.uexp" 627
"../../../Engine/Content/EngineFonts/Faces/RobotoBold.uasset" 628
"../../../Engine/Content/EngineFonts/Faces/RobotoBold.ufont" 629
"../../../Engine/Content/EngineFonts/Faces/RobotoRegular.uexp" 630
"../../../Engine/Content/EngineFonts/Faces/RobotoRegular.uasset" 631
"../../../Engine/Content/EngineFonts/Faces/RobotoRegular.ufont" 632
"../../../Engine/Content/EngineFonts/Faces/DroidSansFallback.uexp" 633
"../../../Engine/Content/EngineFonts/Faces/DroidSansFallback.uasset" 634
"../../../Engine/Content/EngineFonts/Faces/DroidSansFallback.ufont" 635
"../../../Engine/Content/EngineFonts/Faces/RobotoItalic.uexp" 636
"../../../Engine/Content/EngineFonts/Faces/RobotoItalic.uasset" 637
"../../../Engine/Content/EngineFonts/Faces/RobotoItalic.ufont" 638
"../../../Engine/Content/EngineFonts/Faces/RobotoBoldItalic.uexp" 639
"../../../Engine/Content/EngineFonts/Faces/RobotoBoldItalic.uasset" 640
"../../../Engine/Content/EngineFonts/Faces/RobotoBoldItalic.ufont" 641
"../../../Engine/Content/EngineFonts/Roboto.uasset" 642
"../../../Engine/Content/EngineFonts/Roboto.uexp" 643
"../../../Engine/Content/Functions/Engine_MaterialFunctions02/Utility/CameraDirectionVector.uasset" 644
"../../../Engine/Content/Functions/Engine_MaterialFunctions02/Utility/CameraDirectionVector.uexp" 645
"../../../Engine/Content/EngineDebugMaterials/VolumeToRender.uasset" 646
"../../../Engine/Content/EngineDebugMaterials/VolumeToRender.uexp" 647
"../../../Engine/Content/EngineDebugMaterials/M_VolumeRenderSphereTracePP.uasset" 648
"../../../Engine/Content/EngineDebugMaterials/M_VolumeRenderSphereTracePP.uexp" 649
"../../../Engine/Content/EngineDebugMaterials/M_SimpleUnlitTranslucent.uasset" 650
"../../../Engine/Content/EngineDebugMaterials/M_SimpleUnlitTranslucent.uexp" 651
"../../../Engine/Content/EngineDebugMaterials/DebugMeshMaterial.uasset" 652
"../../../Engine/Content/EngineDebugMaterials/DebugMeshMaterial.uexp" 653
"../../../Engine/Content/EngineDebugMaterials/DebugEditorMaterial.uasset" 654
"../../../Engine/Content/EngineDebugMaterials/DebugEditorMaterial.uexp" 655
"../../../Engine/Content/EngineDamageTypes/DmgTypeBP_Environmental.uasset" 656
"../../../Engine/Content/EngineDamageTypes/DmgTypeBP_Environmental.uexp" 657
"../../../Engine/Content/EditorResources/S_Terrain.ubulk" 658
"../../../Engine/Content/EditorResources/S_Terrain.uasset" 659
"../../../Engine/Content/EditorResources/S_Terrain.uexp" 660
"../../../Engine/Content/EditorResources/EmptyActor.uasset" 661
"../../../Engine/Content/EditorResources/EmptyActor.uexp" 662
"../../../Engine/Content/EditorResources/BSPVertex.uasset" 663
"../../../Engine/Content/EditorResources/BSPVertex.uexp" 664
"../../../Engine/Content/EditorMaterials/PreviewShadowIndicator.ubulk" 665
"../../../Engine/Content/EditorMaterials/PreviewShadowIndicator.uasset" 666
"../../../Engine/Content/EditorMaterials/PreviewShadowIndicator.uexp" 667
"../../../Engine/Content/EditorMaterials/PreviewShadowIndicatorMaterial.uasset" 668
"../../../Engine/Content/EditorMaterials/PreviewShadowIndicatorMaterial.uexp" 669
"../../../Engine/Content/EditorMaterials/PhAT_UnselectedMaterial.uasset" 670
"../../../Engine/Content/EditorMaterials/PhAT_UnselectedMaterial.uexp" 671
"../../../Engine/Content/EditorMaterials/PhAT_NoCollisionMaterial.uasset" 672
"../../../Engine/Content/EditorMaterials/PhAT_NoCollisionMaterial.uexp" 673
"D:/Coding Work/GitHub/API_Project/Content/API_Project/Maps/ThirdPersonMap_BuiltData.ubulk" 674
"D:/Coding Work/GitHub/API_Project/Content/API_Project/Maps/ThirdPersonMap_BuiltData.uasset" 675
"D:/Coding Work/GitHub/API_Project/Content/API_Project/Maps/ThirdPersonMap_BuiltData.uexp" 676
"D:/Coding Work/GitHub/API_Project/Content/LevelPrototyping/Textures/T_GridChecker_A.ubulk" 677
"D:/Coding Work/GitHub/API_Project/Content/LevelPrototyping/Textures/T_GridChecker_A.uasset" 678
"D:/Coding Work/GitHub/API_Project/Content/LevelPrototyping/Textures/T_GridChecker_A.uexp" 679
"../../../Engine/Content/Functions/Engine_MaterialFunctions02/Utility/MakeFloat3.uasset" 680
"../../../Engine/Content/Functions/Engine_MaterialFunctions02/Utility/MakeFloat3.uexp" 681
"../../../Engine/Content/Functions/Engine_MaterialFunctions01/Gradient/LinearGradient.uasset" 682
"../../../Engine/Content/Functions/Engine_MaterialFunctions01/Gradient/LinearGradient.uexp" 683
"../../../Engine/Content/Functions/Engine_MaterialFunctions01/ImageAdjustment/CheapContrast.uasset" 684
"../../../Engine/Content/Functions/Engine_MaterialFunctions01/ImageAdjustment/CheapContrast.uexp" 685
"D:/Coding Work/GitHub/API_Project/Content/LevelPrototyping/Materials/MF_ProcGrid.uasset" 686
"D:/Coding Work/GitHub/API_Project/Content/LevelPrototyping/Materials/MF_ProcGrid.uexp" 687
"D:/Coding Work/GitHub/API_Project/Content/LevelPrototyping/Materials/M_PrototypeGrid.uasset" 688
"D:/Coding Work/GitHub/API_Project/Content/LevelPrototyping/Materials/M_PrototypeGrid.uexp" 689
"D:/Coding Work/GitHub/API_Project/Content/LevelPrototyping/Materials/MI_PrototypeGrid_Gray.uasset" 690
"D:/Coding Work/GitHub/API_Project/Content/LevelPrototyping/Materials/MI_PrototypeGrid_Gray.uexp" 691
"D:/Coding Work/GitHub/API_Project/Content/LevelPrototyping/Meshes/SM_Ramp.ubulk" 692
"D:/Coding Work/GitHub/API_Project/Content/LevelPrototyping/Meshes/SM_Ramp.uasset" 693
"D:/Coding Work/GitHub/API_Project/Content/LevelPrototyping/Meshes/SM_Ramp.uexp" 694
"D:/Coding Work/GitHub/API_Project/Content/LevelPrototyping/Meshes/SM_QuarterCylinder.ubulk" 695
"D:/Coding Work/GitHub/API_Project/Content/LevelPrototyping/Meshes/SM_QuarterCylinder.uasset" 696
"D:/Coding Work/GitHub/API_Project/Content/LevelPrototyping/Meshes/SM_QuarterCylinder.uexp" 697
"D:/Coding Work/GitHub/API_Project/Content/LevelPrototyping/Meshes/SM_Cylinder.ubulk" 698
"D:/Coding Work/GitHub/API_Project/Content/LevelPrototyping/Meshes/SM_Cylinder.uasset" 699
"D:/Coding Work/GitHub/API_Project/Content/LevelPrototyping/Meshes/SM_Cylinder.uexp" 700
"D:/Coding Work/GitHub/API_Project/Content/LevelPrototyping/Meshes/SM_Cube.ubulk" 701
"D:/Coding Work/GitHub/API_Project/Content/LevelPrototyping/Meshes/SM_Cube.uasset" 702
"D:/Coding Work/GitHub/API_Project/Content/LevelPrototyping/Meshes/SM_Cube.uexp" 703
"D:/Coding Work/GitHub/API_Project/Content/LevelPrototyping/Materials/M_Solid.uasset" 704
"D:/Coding Work/GitHub/API_Project/Content/LevelPrototyping/Materials/M_Solid.uexp" 705
"D:/Coding Work/GitHub/API_Project/Content/LevelPrototyping/Materials/MI_Solid_Blue.uasset" 706
"D:/Coding Work/GitHub/API_Project/Content/LevelPrototyping/Materials/MI_Solid_Blue.uexp" 707
"D:/Coding Work/GitHub/API_Project/Content/LevelPrototyping/Meshes/SM_ChamferCube.ubulk" 708
"D:/Coding Work/GitHub/API_Project/Content/LevelPrototyping/Meshes/SM_ChamferCube.uasset" 709
"D:/Coding Work/GitHub/API_Project/Content/LevelPrototyping/Meshes/SM_ChamferCube.uexp" 710
"D:/Coding Work/GitHub/API_Project/Content/LevelPrototyping/Materials/MI_PrototypeGrid_TopDark.uasset" 711
"D:/Coding Work/GitHub/API_Project/Content/LevelPrototyping/Materials/MI_PrototypeGrid_TopDark.uexp" 712
"D:/Coding Work/GitHub/API_Project/Content/LevelPrototyping/Materials/MI_PrototypeGrid_Gray_02.uasset" 713
"D:/Coding Work/GitHub/API_Project/Content/LevelPrototyping/Materials/MI_PrototypeGrid_Gray_02.uexp" 714
"../../../Engine/Content/MobileResources/HUD/VirtualJoystick_Background.uasset" 715
"../../../Engine/Content/MobileResources/HUD/VirtualJoystick_Background.uexp" 716
"../../../Engine/Content/MobileResources/HUD/VirtualJoystick_Thumb.uasset" 717
"../../../Engine/Content/MobileResources/HUD/VirtualJoystick_Thumb.uexp" 718
"../../../Engine/Content/MobileResources/HUD/DefaultVirtualJoysticks.uasset" 719
"../../../Engine/Content/MobileResources/HUD/DefaultVirtualJoysticks.uexp" 720
"../../../Engine/Content/EngineSky/VolumetricClouds/CloudWeatherTexture.uasset" 721
"../../../Engine/Content/EngineSky/VolumetricClouds/CloudWeatherTexture.uexp" 722
"../../../Engine/Content/Functions/Engine_MaterialFunctions02/Utility/MakeFloat2.uasset" 723
"../../../Engine/Content/Functions/Engine_MaterialFunctions02/Utility/MakeFloat2.uexp" 724
"../../../Engine/Content/EngineSky/VolumetricClouds/CloudGradientTexture.uasset" 725
"../../../Engine/Content/EngineSky/VolumetricClouds/CloudGradientTexture.uexp" 726
"../../../Engine/Content/EngineSky/VolumetricClouds/T_NoiseShape64.ubulk" 727
"../../../Engine/Content/EngineSky/VolumetricClouds/T_NoiseShape64.uasset" 728
"../../../Engine/Content/EngineSky/VolumetricClouds/T_NoiseShape64.uexp" 729
"../../../Engine/Content/EngineSky/VolumetricClouds/T_VolumeNoiseShape64.uasset" 730
"../../../Engine/Content/EngineSky/VolumetricClouds/T_VolumeNoiseShape64.uexp" 731
"../../../Engine/Content/EngineSky/VolumetricClouds/T_NoiseErosion.ubulk" 732
"../../../Engine/Content/EngineSky/VolumetricClouds/T_NoiseErosion.uasset" 733
"../../../Engine/Content/EngineSky/VolumetricClouds/T_NoiseErosion.uexp" 734
"../../../Engine/Content/EngineSky/VolumetricClouds/T_VolumeNoiseErosion32.uasset" 735
"../../../Engine/Content/EngineSky/VolumetricClouds/T_VolumeNoiseErosion32.uexp" 736
"../../../Engine/Content/EngineSky/VolumetricClouds/m_SimpleVolumetricCloud.uasset" 737
"../../../Engine/Content/EngineSky/VolumetricClouds/m_SimpleVolumetricCloud.uexp" 738
"../../../Engine/Content/EngineSky/VolumetricClouds/m_SimpleVolumetricCloud_Inst.uasset" 739
"../../../Engine/Content/EngineSky/VolumetricClouds/m_SimpleVolumetricCloud_Inst.uexp" 740
"../../../Engine/Content/EngineResources/FilmGrains/Marcie_Grain_v3_128_M2_000.uasset" 741
"../../../Engine/Content/EngineResources/FilmGrains/Marcie_Grain_v3_128_M2_000.uexp" 742
"../../../Engine/Content/EditorResources/SequenceRecorder/RecordingIndicator.uasset" 743
"../../../Engine/Content/EditorResources/SequenceRecorder/RecordingIndicator.uexp" 744
"../../../Engine/Content/EditorResources/SequenceRecorder/Countdown.uasset" 745
"../../../Engine/Content/EditorResources/SequenceRecorder/Countdown.uexp" 746
"D:/Coding Work/GitHub/API_Project/Content/API_Project/Blueprints/Enemy/BB_Enemy.uasset" 747
"D:/Coding Work/GitHub/API_Project/Content/API_Project/Blueprints/Enemy/BB_Enemy.uexp" 748
"D:/Coding Work/GitHub/API_Project/Content/API_Project/Blueprints/Enemy/BT_Enemy_Spawned.uasset" 749
"D:/Coding Work/GitHub/API_Project/Content/API_Project/Blueprints/Enemy/BT_Enemy_Spawned.uexp" 750
"D:/Coding Work/GitHub/API_Project/Content/API_Project/Blueprints/Enemy/BP_PatrolPath.uasset" 751
"D:/Coding Work/GitHub/API_Project/Content/API_Project/Blueprints/Enemy/BP_PatrolPath.uexp" 752
"D:/Coding Work/GitHub/API_Project/Content/Characters/Mannequins/Rigs/Poses/Manny/Manny_foot_l_anim.uasset" 753
"D:/Coding Work/GitHub/API_Project/Content/Characters/Mannequins/Rigs/Poses/Manny/Manny_foot_l_anim.uexp" 754
"D:/Coding Work/GitHub/API_Project/Content/Characters/Mannequins/Rigs/Poses/Manny/Manny_foot_l_pose.uasset" 755
"D:/Coding Work/GitHub/API_Project/Content/Characters/Mannequins/Rigs/Poses/Manny/Manny_foot_l_pose.uexp" 756
"D:/Coding Work/GitHub/API_Project/Content/Characters/Mannequins/Rigs/Poses/Manny/Manny_thigh_r_anim.uasset" 757
"D:/Coding Work/GitHub/API_Project/Content/Characters/Mannequins/Rigs/Poses/Manny/Manny_thigh_r_anim.uexp" 758
"D:/Coding Work/GitHub/API_Project/Content/Characters/Mannequins/Rigs/Poses/Manny/Manny_thigh_r_pose.uasset" 759
"D:/Coding Work/GitHub/API_Project/Content/Characters/Mannequins/Rigs/Poses/Manny/Manny_thigh_r_pose.uexp" 760
"D:/Coding Work/GitHub/API_Project/Content/Characters/Mannequins/Rigs/Poses/Manny/Manny_hand_r_anim.uasset" 761
"D:/Coding Work/GitHub/API_Project/Content/Characters/Mannequins/Rigs/Poses/Manny/Manny_hand_r_anim.uexp" 762
"D:/Coding Work/GitHub/API_Project/Content/Characters/Mannequins/Rigs/Poses/Manny/Manny_hand_r_pose.uasset" 763
"D:/Coding Work/GitHub/API_Project/Content/Characters/Mannequins/Rigs/Poses/Manny/Manny_hand_r_pose.uexp" 764
"D:/Coding Work/GitHub/API_Project/Content/Characters/Mannequins/Rigs/Poses/Manny/Manny_clavicle_l_anim.uasset" 765
"D:/Coding Work/GitHub/API_Project/Content/Characters/Mannequins/Rigs/Poses/Manny/Manny_clavicle_l_anim.uexp" 766
"D:/Coding Work/GitHub/API_Project/Content/Characters/Mannequins/Rigs/Poses/Manny/Manny_clavicle_l_pose.uasset" 767
"D:/Coding Work/GitHub/API_Project/Content/Characters/Mannequins/Rigs/Poses/Manny/Manny_clavicle_l_pose.uexp" 768
"D:/Coding Work/GitHub/API_Project/Content/Characters/Mannequins/Rigs/Poses/Manny/Manny_calf_l_anim.uasset" 769
"D:/Coding Work/GitHub/API_Project/Content/Characters/Mannequins/Rigs/Poses/Manny/Manny_calf_l_anim.uexp" 770
"D:/Coding Work/GitHub/API_Project/Content/Characters/Mannequins/Rigs/Poses/Manny/Manny_calf_l_pose.uasset" 771
"D:/Coding Work/GitHub/API_Project/Content/Characters/Mannequins/Rigs/Poses/Manny/Manny_calf_l_pose.uexp" 772
"D:/Coding Work/GitHub/API_Project/Content/Characters/Mannequins/Rigs/Poses/Manny/Manny_hand_l_anim.uasset" 773
"D:/Coding Work/GitHub/API_Project/Content/Characters/Mannequins/Rigs/Poses/Manny/Manny_hand_l_anim.uexp" 774
"D:/Coding Work/GitHub/API_Project/Content/Characters/Mannequins/Rigs/Poses/Manny/Manny_hand_l_pose.uasset" 775
"D:/Coding Work/GitHub/API_Project/Content/Characters/Mannequins/Rigs/Poses/Manny/Manny_hand_l_pose.uexp" 776
"D:/Coding Work/GitHub/API_Project/Content/Characters/Mannequins/Rigs/CR_Mannequin_Procedural.uasset" 777
"D:/Coding Work/GitHub/API_Project/Content/Characters/Mannequins/Rigs/CR_Mannequin_Procedural.uexp" 778
"D:/Coding Work/GitHub/API_Project/Content/Characters/Mannequins/Rigs/Poses/Manny/Manny_upperarm_r_anim.uasset" 779
"D:/Coding Work/GitHub/API_Project/Content/Characters/Mannequins/Rigs/Poses/Manny/Manny_upperarm_r_anim.uexp" 780
"D:/Coding Work/GitHub/API_Project/Content/Characters/Mannequins/Rigs/Poses/Manny/Manny_upperarm_r_pose.uasset" 781
"D:/Coding Work/GitHub/API_Project/Content/Characters/Mannequins/Rigs/Poses/Manny/Manny_upperarm_r_pose.uexp" 782
"D:/Coding Work/GitHub/API_Project/Content/Characters/Mannequins/Rigs/Poses/Manny/Manny_lowerarm_r_anim.uasset" 783
"D:/Coding Work/GitHub/API_Project/Content/Characters/Mannequins/Rigs/Poses/Manny/Manny_lowerarm_r_anim.uexp" 784
"D:/Coding Work/GitHub/API_Project/Content/Characters/Mannequins/Rigs/Poses/Manny/Manny_lowerarm_r_pose.uasset" 785
"D:/Coding Work/GitHub/API_Project/Content/Characters/Mannequins/Rigs/Poses/Manny/Manny_lowerarm_r_pose.uexp" 786
"D:/Coding Work/GitHub/API_Project/Content/Characters/Mannequins/Rigs/Poses/Manny/Manny_calf_r_anim.uasset" 787
"D:/Coding Work/GitHub/API_Project/Content/Characters/Mannequins/Rigs/Poses/Manny/Manny_calf_r_anim.uexp" 788
"D:/Coding Work/GitHub/API_Project/Content/Characters/Mannequins/Rigs/Poses/Manny/Manny_calf_r_pose.uasset" 789
"D:/Coding Work/GitHub/API_Project/Content/Characters/Mannequins/Rigs/Poses/Manny/Manny_calf_r_pose.uexp" 790
"D:/Coding Work/GitHub/API_Project/Content/Characters/Mannequins/Rigs/Poses/Manny/Manny_foot_r_anim.uasset" 791
"D:/Coding Work/GitHub/API_Project/Content/Characters/Mannequins/Rigs/Poses/Manny/Manny_foot_r_anim.uexp" 792
"D:/Coding Work/GitHub/API_Project/Content/Characters/Mannequins/Rigs/Poses/Manny/Manny_foot_r_pose.uasset" 793
"D:/Coding Work/GitHub/API_Project/Content/Characters/Mannequins/Rigs/Poses/Manny/Manny_foot_r_pose.uexp" 794
"D:/Coding Work/GitHub/API_Project/Content/Characters/Mannequins/Rigs/Poses/Manny/Manny_lowerarm_l_anim.uasset" 795
"D:/Coding Work/GitHub/API_Project/Content/Characters/Mannequins/Rigs/Poses/Manny/Manny_lowerarm_l_anim.uexp" 796
"D:/Coding Work/GitHub/API_Project/Content/Characters/Mannequins/Rigs/Poses/Manny/Manny_lowerarm_l_pose.uasset" 797
"D:/Coding Work/GitHub/API_Project/Content/Characters/Mannequins/Rigs/Poses/Manny/Manny_lowerarm_l_pose.uexp" 798
"D:/Coding Work/GitHub/API_Project/Content/Characters/Mannequins/Rigs/Poses/Manny/Manny_clavicle_r_anim.uasset" 799
"D:/Coding Work/GitHub/API_Project/Content/Characters/Mannequins/Rigs/Poses/Manny/Manny_clavicle_r_anim.uexp" 800
"D:/Coding Work/GitHub/API_Project/Content/Characters/Mannequins/Rigs/Poses/Manny/Manny_clavicle_r_pose.uasset" 801
"D:/Coding Work/GitHub/API_Project/Content/Characters/Mannequins/Rigs/Poses/Manny/Manny_clavicle_r_pose.uexp" 802
"D:/Coding Work/GitHub/API_Project/Content/Characters/Mannequins/Rigs/Poses/Manny/Manny_thigh_l_anim.uasset" 803
"D:/Coding Work/GitHub/API_Project/Content/Characters/Mannequins/Rigs/Poses/Manny/Manny_thigh_l_anim.uexp" 804
"D:/Coding Work/GitHub/API_Project/Content/Characters/Mannequins/Rigs/Poses/Manny/Manny_thigh_l_pose.uasset" 805
"D:/Coding Work/GitHub/API_Project/Content/Characters/Mannequins/Rigs/Poses/Manny/Manny_thigh_l_pose.uexp" 806
"D:/Coding Work/GitHub/API_Project/Content/Characters/Mannequins/Rigs/Poses/Manny/Manny_upperarm_l_anim.uasset" 807
"D:/Coding Work/GitHub/API_Project/Content/Characters/Mannequins/Rigs/Poses/Manny/Manny_upperarm_l_anim.uexp" 808
"D:/Coding Work/GitHub/API_Project/Content/Characters/Mannequins/Rigs/Poses/Manny/Manny_upperarm_l_pose.uasset" 809
"D:/Coding Work/GitHub/API_Project/Content/Characters/Mannequins/Rigs/Poses/Manny/Manny_upperarm_l_pose.uexp" 810
"D:/Coding Work/GitHub/API_Project/Content/Characters/Mannequins/Rigs/ABP_Manny_PostProcess.uasset" 811
"D:/Coding Work/GitHub/API_Project/Content/Characters/Mannequins/Rigs/ABP_Manny_PostProcess.uexp" 812
"D:/Coding Work/GitHub/API_Project/Content/Characters/Mannequins/Textures/Manny/T_Manny_02_MSR_MSK.ubulk" 813
"D:/Coding Work/GitHub/API_Project/Content/Characters/Mannequins/Textures/Manny/T_Manny_02_MSR_MSK.uasset" 814
"D:/Coding Work/GitHub/API_Project/Content/Characters/Mannequins/Textures/Manny/T_Manny_02_MSR_MSK.uexp" 815
"D:/Coding Work/GitHub/API_Project/Content/Characters/Mannequins/Textures/Manny/T_Manny_02_CCRCCPlastic_MSK.ubulk" 816
"D:/Coding Work/GitHub/API_Project/Content/Characters/Mannequins/Textures/Manny/T_Manny_02_CCRCCPlastic_MSK.uasset" 817
"D:/Coding Work/GitHub/API_Project/Content/Characters/Mannequins/Textures/Manny/T_Manny_02_CCRCCPlastic_MSK.uexp" 818
"D:/Coding Work/GitHub/API_Project/Content/Characters/Mannequins/Textures/Manny/T_Manny_02_Tan.ubulk" 819
"D:/Coding Work/GitHub/API_Project/Content/Characters/Mannequins/Textures/Manny/T_Manny_02_Tan.uasset" 820
"D:/Coding Work/GitHub/API_Project/Content/Characters/Mannequins/Textures/Manny/T_Manny_02_Tan.uexp" 821
"D:/Coding Work/GitHub/API_Project/Content/Characters/Mannequins/Textures/Manny/T_Manny_02_N.ubulk" 822
"D:/Coding Work/GitHub/API_Project/Content/Characters/Mannequins/Textures/Manny/T_Manny_02_N.uasset" 823
"D:/Coding Work/GitHub/API_Project/Content/Characters/Mannequins/Textures/Manny/T_Manny_02_N.uexp" 824
"D:/Coding Work/GitHub/API_Project/Content/Characters/Mannequins/Materials/Instances/Manny/MI_Manny_01.uasset" 825
"D:/Coding Work/GitHub/API_Project/Content/Characters/Mannequins/Materials/Instances/Manny/MI_Manny_01.uexp" 826
"D:/Coding Work/GitHub/API_Project/Content/Characters/Mannequins/Textures/Manny/T_Manny_02_BN.ubulk" 827
"D:/Coding Work/GitHub/API_Project/Content/Characters/Mannequins/Textures/Manny/T_Manny_02_BN.uasset" 828
"D:/Coding Work/GitHub/API_Project/Content/Characters/Mannequins/Textures/Manny/T_Manny_02_BN.uexp" 829
"D:/Coding Work/GitHub/API_Project/Content/Characters/Mannequins/Textures/Manny/T_Manny_02_ASAOPMASK_MSK.ubulk" 830
"D:/Coding Work/GitHub/API_Project/Content/Characters/Mannequins/Textures/Manny/T_Manny_02_ASAOPMASK_MSK.uasset" 831
"D:/Coding Work/GitHub/API_Project/Content/Characters/Mannequins/Textures/Manny/T_Manny_02_ASAOPMASK_MSK.uexp" 832
"D:/Coding Work/GitHub/API_Project/Content/Characters/Mannequins/Textures/Manny/T_Manny_02_D.ubulk" 833
"D:/Coding Work/GitHub/API_Project/Content/Characters/Mannequins/Textures/Manny/T_Manny_02_D.uasset" 834
"D:/Coding Work/GitHub/API_Project/Content/Characters/Mannequins/Textures/Manny/T_Manny_02_D.uexp" 835
"D:/Coding Work/GitHub/API_Project/Content/Characters/Mannequins/Materials/Instances/Manny/MI_Manny_02.uasset" 836
"D:/Coding Work/GitHub/API_Project/Content/Characters/Mannequins/Materials/Instances/Manny/MI_Manny_02.uexp" 837
"D:/Coding Work/GitHub/API_Project/Content/Characters/Mannequins/Meshes/SKM_Manny.uasset" 838
"D:/Coding Work/GitHub/API_Project/Content/Characters/Mannequins/Meshes/SKM_Manny.uexp" 839
"D:/Coding Work/GitHub/API_Project/Content/API_Project/Blueprints/Enemy/BT_Enemy.uasset" 840
"D:/Coding Work/GitHub/API_Project/Content/API_Project/Blueprints/Enemy/BT_Enemy.uexp" 841
"D:/Coding Work/GitHub/API_Project/Content/API_Project/Blueprints/Enemy/BP_EnemyAIController.uasset" 842
"D:/Coding Work/GitHub/API_Project/Content/API_Project/Blueprints/Enemy/BP_EnemyAIController.uexp" 843
"D:/Coding Work/GitHub/API_Project/Content/API_Project/Blueprints/Enemy/BP_Enemy.uasset" 844
"D:/Coding Work/GitHub/API_Project/Content/API_Project/Blueprints/Enemy/BP_Enemy.uexp" 845
"../../../Engine/Content/Maps/Templates/HLODs/HLODLayer_Merged.uasset" 846
"../../../Engine/Content/Maps/Templates/HLODs/HLODLayer_Merged.uexp" 847
"../../../Engine/Content/Functions/Engine_MaterialFunctions01/Shading/PowerToRoughness.uasset" 848
"../../../Engine/Content/Functions/Engine_MaterialFunctions01/Shading/PowerToRoughness.uexp" 849
"../../../Engine/Content/Functions/Engine_MaterialFunctions01/Shading/ConvertFromDiffSpec.uasset" 850
"../../../Engine/Content/Functions/Engine_MaterialFunctions01/Shading/ConvertFromDiffSpec.uexp" 851
"D:/Coding Work/GitHub/API_Project/Content/Characters/Mannequin_UE4/Textures/T_UELogo_N_TGA.ubulk" 852
"D:/Coding Work/GitHub/API_Project/Content/Characters/Mannequin_UE4/Textures/T_UELogo_N_TGA.uasset" 853
"D:/Coding Work/GitHub/API_Project/Content/Characters/Mannequin_UE4/Textures/T_UELogo_N_TGA.uexp" 854
"D:/Coding Work/GitHub/API_Project/Content/Characters/Mannequin_UE4/Textures/T_UE4_Mannequin__normals.ubulk" 855
"D:/Coding Work/GitHub/API_Project/Content/Characters/Mannequin_UE4/Textures/T_UE4_Mannequin__normals.uasset" 856
"D:/Coding Work/GitHub/API_Project/Content/Characters/Mannequin_UE4/Textures/T_UE4_Mannequin__normals.uexp" 857
"D:/Coding Work/GitHub/API_Project/Content/Characters/Mannequin_UE4/Materials/Layers/ML_ShinyPlastic_Beige.uasset" 858
"D:/Coding Work/GitHub/API_Project/Content/Characters/Mannequin_UE4/Materials/Layers/ML_ShinyPlastic_Beige.uexp" 859
"../../../Engine/Content/Functions/Engine_MaterialFunctions02/Utility/BlendAngleCorrectedNormals.uasset" 860
"../../../Engine/Content/Functions/Engine_MaterialFunctions02/Utility/BlendAngleCorrectedNormals.uexp" 861
"../../../Engine/Content/Functions/MaterialLayerFunctions/MatLayerBlend_NormalBlend.uasset" 862
"../../../Engine/Content/Functions/MaterialLayerFunctions/MatLayerBlend_NormalBlend.uexp" 863
"D:/Coding Work/GitHub/API_Project/Content/Characters/Mannequin_UE4/Textures/T_UELogo_Mask.ubulk" 864
"D:/Coding Work/GitHub/API_Project/Content/Characters/Mannequin_UE4/Textures/T_UELogo_Mask.uasset" 865
"D:/Coding Work/GitHub/API_Project/Content/Characters/Mannequin_UE4/Textures/T_UELogo_Mask.uexp" 866
"D:/Coding Work/GitHub/API_Project/Content/Characters/Mannequin_UE4/Materials/Layers/ML_ShinyPlastic_Beige_Logo.uasset" 867
"D:/Coding Work/GitHub/API_Project/Content/Characters/Mannequin_UE4/Materials/Layers/ML_ShinyPlastic_Beige_Logo.uexp" 868
"D:/Coding Work/GitHub/API_Project/Content/Characters/Mannequin_UE4/Textures/T_UE4_Mannequin_MAT_MASKA.ubulk" 869
"D:/Coding Work/GitHub/API_Project/Content/Characters/Mannequin_UE4/Textures/T_UE4_Mannequin_MAT_MASKA.uasset" 870
"D:/Coding Work/GitHub/API_Project/Content/Characters/Mannequin_UE4/Textures/T_UE4_Mannequin_MAT_MASKA.uexp" 871
"D:/Coding Work/GitHub/API_Project/Content/Characters/Mannequin_UE4/Textures/T_ML_Aluminum01_N.ubulk" 872
"D:/Coding Work/GitHub/API_Project/Content/Characters/Mannequin_UE4/Textures/T_ML_Aluminum01_N.uasset" 873
"D:/Coding Work/GitHub/API_Project/Content/Characters/Mannequin_UE4/Textures/T_ML_Aluminum01_N.uexp" 874
"D:/Coding Work/GitHub/API_Project/Content/Characters/Mannequin_UE4/Textures/T_ML_Aluminum01.ubulk" 875
"D:/Coding Work/GitHub/API_Project/Content/Characters/Mannequin_UE4/Textures/T_ML_Aluminum01.uasset" 876
"D:/Coding Work/GitHub/API_Project/Content/Characters/Mannequin_UE4/Textures/T_ML_Aluminum01.uexp" 877
"D:/Coding Work/GitHub/API_Project/Content/Characters/Mannequin_UE4/Materials/Layers/ML_SoftMetal.uasset" 878
"D:/Coding Work/GitHub/API_Project/Content/Characters/Mannequin_UE4/Materials/Layers/ML_SoftMetal.uexp" 879
"../../../Engine/Content/Functions/MaterialLayerFunctions/MatLayerBlend_Simple.uasset" 880
"../../../Engine/Content/Functions/MaterialLayerFunctions/MatLayerBlend_Simple.uexp" 881
"D:/Coding Work/GitHub/API_Project/Content/Characters/Mannequin_UE4/Textures/T_ML_Rubber_Blue_01_N.ubulk" 882
"D:/Coding Work/GitHub/API_Project/Content/Characters/Mannequin_UE4/Textures/T_ML_Rubber_Blue_01_N.uasset" 883
"D:/Coding Work/GitHub/API_Project/Content/Characters/Mannequin_UE4/Textures/T_ML_Rubber_Blue_01_N.uexp" 884
"D:/Coding Work/GitHub/API_Project/Content/Characters/Mannequin_UE4/Textures/T_ML_Rubber_Blue_01_D.ubulk" 885
"D:/Coding Work/GitHub/API_Project/Content/Characters/Mannequin_UE4/Textures/T_ML_Rubber_Blue_01_D.uasset" 886
"D:/Coding Work/GitHub/API_Project/Content/Characters/Mannequin_UE4/Textures/T_ML_Rubber_Blue_01_D.uexp" 887
"D:/Coding Work/GitHub/API_Project/Content/Characters/Mannequin_UE4/Materials/Layers/ML_Latex_Black.uasset" 888
"D:/Coding Work/GitHub/API_Project/Content/Characters/Mannequin_UE4/Materials/Layers/ML_Latex_Black.uexp" 889
"D:/Coding Work/GitHub/API_Project/Content/Characters/Mannequin_UE4/Materials/M_MannequinUE4_Body.uasset" 890
"D:/Coding Work/GitHub/API_Project/Content/Characters/Mannequin_UE4/Materials/M_MannequinUE4_Body.uexp" 891
"D:/Coding Work/GitHub/API_Project/Content/Characters/Mannequin_UE4/Materials/M_MannequinUE4_ChestLogo.uasset" 892
"D:/Coding Work/GitHub/API_Project/Content/Characters/Mannequin_UE4/Materials/M_MannequinUE4_ChestLogo.uexp" 893
"D:/Coding Work/GitHub/API_Project/Content/Characters/Mannequin_UE4/Meshes/SK_Mannequin_PhysicsAsset.uasset" 894
"D:/Coding Work/GitHub/API_Project/Content/Characters/Mannequin_UE4/Meshes/SK_Mannequin_PhysicsAsset.uexp" 895
"D:/Coding Work/GitHub/API_Project/Content/Characters/Mannequin_UE4/Meshes/SK_Mannequin_Skeleton.uasset" 896
"D:/Coding Work/GitHub/API_Project/Content/Characters/Mannequin_UE4/Meshes/SK_Mannequin_Skeleton.uexp" 897
"D:/Coding Work/GitHub/API_Project/Content/Characters/Mannequin_UE4/Meshes/SK_Mannequin.uasset" 898
"D:/Coding Work/GitHub/API_Project/Content/Characters/Mannequin_UE4/Meshes/SK_Mannequin.uexp" 899
"D:/Coding Work/GitHub/API_Project/Content/Characters/Mannequins/Meshes/SKM_Manny_Simple.uasset" 900
"D:/Coding Work/GitHub/API_Project/Content/Characters/Mannequins/Meshes/SKM_Manny_Simple.uexp" 901
"D:/Coding Work/GitHub/API_Project/Content/Characters/Mannequin_UE4/Rigs/RTG_UE5Manny_UE4Manny.uasset" 902
"D:/Coding Work/GitHub/API_Project/Content/Characters/Mannequin_UE4/Rigs/RTG_UE5Manny_UE4Manny.uexp" 903
"D:/Coding Work/GitHub/API_Project/Content/Characters/Mannequin_UE4/Rigs/RTG_UE4Manny_UE5Manny.uasset" 904
"D:/Coding Work/GitHub/API_Project/Content/Characters/Mannequin_UE4/Rigs/RTG_UE4Manny_UE5Manny.uexp" 905
"D:/Coding Work/GitHub/API_Project/Content/Characters/Mannequin_UE4/Rigs/IK_UE4_Mannequin.uasset" 906
"D:/Coding Work/GitHub/API_Project/Content/Characters/Mannequin_UE4/Rigs/IK_UE4_Mannequin.uexp" 907
"D:/Coding Work/GitHub/API_Project/Content/Characters/Mannequin_UE4/Animations/Jog_Fwd.uasset" 908
"D:/Coding Work/GitHub/API_Project/Content/Characters/Mannequin_UE4/Animations/Jog_Fwd.uexp" 909
"D:/Coding Work/GitHub/API_Project/Content/Characters/Mannequins/Rigs/RTG_Mannequin.uasset" 910
"D:/Coding Work/GitHub/API_Project/Content/Characters/Mannequins/Rigs/RTG_Mannequin.uexp" 911
"D:/Coding Work/GitHub/API_Project/Content/Characters/Mannequins/Rigs/IK_Mannequin.uasset" 912
"D:/Coding Work/GitHub/API_Project/Content/Characters/Mannequins/Rigs/IK_Mannequin.uexp" 913
"../../../Engine/Plugins/Animation/ControlRig/Content/Controls/DefaultGizmoLibraryNormalized.uasset" 914
"../../../Engine/Plugins/Animation/ControlRig/Content/Controls/DefaultGizmoLibraryNormalized.uexp" 915
"D:/Coding Work/GitHub/API_Project/Content/Characters/Mannequins/Rigs/CR_Mannequin_Body.uasset" 916
"D:/Coding Work/GitHub/API_Project/Content/Characters/Mannequins/Rigs/CR_Mannequin_Body.uexp" 917
"D:/Coding Work/GitHub/API_Project/Content/Characters/Mannequins/Rigs/Poses/Quinn/Quinn_foot_l_anim.uasset" 918
"D:/Coding Work/GitHub/API_Project/Content/Characters/Mannequins/Rigs/Poses/Quinn/Quinn_foot_l_anim.uexp" 919
"D:/Coding Work/GitHub/API_Project/Content/Characters/Mannequins/Rigs/Poses/Quinn/Quinn_foot_l_pose.uasset" 920
"D:/Coding Work/GitHub/API_Project/Content/Characters/Mannequins/Rigs/Poses/Quinn/Quinn_foot_l_pose.uexp" 921
"D:/Coding Work/GitHub/API_Project/Content/Characters/Mannequins/Rigs/Poses/Quinn/Quinn_clavicle_l_anim.uasset" 922
"D:/Coding Work/GitHub/API_Project/Content/Characters/Mannequins/Rigs/Poses/Quinn/Quinn_clavicle_l_anim.uexp" 923
"D:/Coding Work/GitHub/API_Project/Content/Characters/Mannequins/Rigs/Poses/Quinn/Quinn_clavicle_l_pose.uasset" 924
"D:/Coding Work/GitHub/API_Project/Content/Characters/Mannequins/Rigs/Poses/Quinn/Quinn_clavicle_l_pose.uexp" 925
"D:/Coding Work/GitHub/API_Project/Content/Characters/Mannequins/Rigs/Poses/Quinn/Quinn_clavicle_r_anim.uasset" 926
"D:/Coding Work/GitHub/API_Project/Content/Characters/Mannequins/Rigs/Poses/Quinn/Quinn_clavicle_r_anim.uexp" 927
"D:/Coding Work/GitHub/API_Project/Content/Characters/Mannequins/Rigs/Poses/Quinn/Quinn_clavicle_r_pose.uasset" 928
"D:/Coding Work/GitHub/API_Project/Content/Characters/Mannequins/Rigs/Poses/Quinn/Quinn_clavicle_r_pose.uexp" 929
"D:/Coding Work/GitHub/API_Project/Content/Characters/Mannequins/Rigs/Poses/Quinn/Quinn_upperarm_l_anim.uasset" 930
"D:/Coding Work/GitHub/API_Project/Content/Characters/Mannequins/Rigs/Poses/Quinn/Quinn_upperarm_l_anim.uexp" 931
"D:/Coding Work/GitHub/API_Project/Content/Characters/Mannequins/Rigs/Poses/Quinn/Quinn_upperarm_l_pose.uasset" 932
"D:/Coding Work/GitHub/API_Project/Content/Characters/Mannequins/Rigs/Poses/Quinn/Quinn_upperarm_l_pose.uexp" 933
"D:/Coding Work/GitHub/API_Project/Content/Characters/Mannequins/Rigs/Poses/Quinn/Quinn_lowerarm_l_anim.uasset" 934
"D:/Coding Work/GitHub/API_Project/Content/Characters/Mannequins/Rigs/Poses/Quinn/Quinn_lowerarm_l_anim.uexp" 935
"D:/Coding Work/GitHub/API_Project/Content/Characters/Mannequins/Rigs/Poses/Quinn/Quinn_lowerarm_l_pose.uasset" 936
"D:/Coding Work/GitHub/API_Project/Content/Characters/Mannequins/Rigs/Poses/Quinn/Quinn_lowerarm_l_pose.uexp" 937
"D:/Coding Work/GitHub/API_Project/Content/Characters/Mannequins/Rigs/Poses/Quinn/Quinn_calf_l_anim.uasset" 938
"D:/Coding Work/GitHub/API_Project/Content/Characters/Mannequins/Rigs/Poses/Quinn/Quinn_calf_l_anim.uexp" 939
"D:/Coding Work/GitHub/API_Project/Content/Characters/Mannequins/Rigs/Poses/Quinn/Quinn_calf_l_pose.uasset" 940
"D:/Coding Work/GitHub/API_Project/Content/Characters/Mannequins/Rigs/Poses/Quinn/Quinn_calf_l_pose.uexp" 941
"D:/Coding Work/GitHub/API_Project/Content/Characters/Mannequins/Rigs/Poses/Quinn/Quinn_upperarm_r_anim.uasset" 942
"D:/Coding Work/GitHub/API_Project/Content/Characters/Mannequins/Rigs/Poses/Quinn/Quinn_upperarm_r_anim.uexp" 943
"D:/Coding Work/GitHub/API_Project/Content/Characters/Mannequins/Rigs/Poses/Quinn/Quinn_upperarm_r_pose.uasset" 944
"D:/Coding Work/GitHub/API_Project/Content/Characters/Mannequins/Rigs/Poses/Quinn/Quinn_upperarm_r_pose.uexp" 945
"D:/Coding Work/GitHub/API_Project/Content/Characters/Mannequins/Rigs/Poses/Quinn/Quinn_calf_r_anim.uasset" 946
"D:/Coding Work/GitHub/API_Project/Content/Characters/Mannequins/Rigs/Poses/Quinn/Quinn_calf_r_anim.uexp" 947
"D:/Coding Work/GitHub/API_Project/Content/Characters/Mannequins/Rigs/Poses/Quinn/Quinn_calf_r_pose.uasset" 948
"D:/Coding Work/GitHub/API_Project/Content/Characters/Mannequins/Rigs/Poses/Quinn/Quinn_calf_r_pose.uexp" 949
"D:/Coding Work/GitHub/API_Project/Content/Characters/Mannequins/Rigs/Poses/Quinn/Quinn_foot_r_anim.uasset" 950
"D:/Coding Work/GitHub/API_Project/Content/Characters/Mannequins/Rigs/Poses/Quinn/Quinn_foot_r_anim.uexp" 951
"D:/Coding Work/GitHub/API_Project/Content/Characters/Mannequins/Rigs/Poses/Quinn/Quinn_foot_r_pose.uasset" 952
"D:/Coding Work/GitHub/API_Project/Content/Characters/Mannequins/Rigs/Poses/Quinn/Quinn_foot_r_pose.uexp" 953
"D:/Coding Work/GitHub/API_Project/Content/Characters/Mannequins/Rigs/Poses/Quinn/Quinn_lowerarm_r_anim.uasset" 954
"D:/Coding Work/GitHub/API_Project/Content/Characters/Mannequins/Rigs/Poses/Quinn/Quinn_lowerarm_r_anim.uexp" 955
"D:/Coding Work/GitHub/API_Project/Content/Characters/Mannequins/Rigs/Poses/Quinn/Quinn_lowerarm_r_pose.uasset" 956
"D:/Coding Work/GitHub/API_Project/Content/Characters/Mannequins/Rigs/Poses/Quinn/Quinn_lowerarm_r_pose.uexp" 957
"D:/Coding Work/GitHub/API_Project/Content/Characters/Mannequins/Rigs/Poses/Quinn/Quinn_thigh_l_anim.uasset" 958
"D:/Coding Work/GitHub/API_Project/Content/Characters/Mannequins/Rigs/Poses/Quinn/Quinn_thigh_l_anim.uexp" 959
"D:/Coding Work/GitHub/API_Project/Content/Characters/Mannequins/Rigs/Poses/Quinn/Quinn_thigh_l_pose.uasset" 960
"D:/Coding Work/GitHub/API_Project/Content/Characters/Mannequins/Rigs/Poses/Quinn/Quinn_thigh_l_pose.uexp" 961
"D:/Coding Work/GitHub/API_Project/Content/Characters/Mannequins/Rigs/Poses/Quinn/Quinn_thigh_r_anim.uasset" 962
"D:/Coding Work/GitHub/API_Project/Content/Characters/Mannequins/Rigs/Poses/Quinn/Quinn_thigh_r_anim.uexp" 963
"D:/Coding Work/GitHub/API_Project/Content/Characters/Mannequins/Rigs/Poses/Quinn/Quinn_thigh_r_pose.uasset" 964
"D:/Coding Work/GitHub/API_Project/Content/Characters/Mannequins/Rigs/Poses/Quinn/Quinn_thigh_r_pose.uexp" 965
"D:/Coding Work/GitHub/API_Project/Content/Characters/Mannequins/Rigs/Poses/Quinn/Quinn_hand_l_anim.uasset" 966
"D:/Coding Work/GitHub/API_Project/Content/Characters/Mannequins/Rigs/Poses/Quinn/Quinn_hand_l_anim.uexp" 967
"D:/Coding Work/GitHub/API_Project/Content/Characters/Mannequins/Rigs/Poses/Quinn/Quinn_hand_l_pose.uasset" 968
"D:/Coding Work/GitHub/API_Project/Content/Characters/Mannequins/Rigs/Poses/Quinn/Quinn_hand_l_pose.uexp" 969
"D:/Coding Work/GitHub/API_Project/Content/Characters/Mannequins/Rigs/Poses/Quinn/Quinn_hand_r_anim.uasset" 970
"D:/Coding Work/GitHub/API_Project/Content/Characters/Mannequins/Rigs/Poses/Quinn/Quinn_hand_r_anim.uexp" 971
"D:/Coding Work/GitHub/API_Project/Content/Characters/Mannequins/Rigs/Poses/Quinn/Quinn_hand_r_pose.uasset" 972
"D:/Coding Work/GitHub/API_Project/Content/Characters/Mannequins/Rigs/Poses/Quinn/Quinn_hand_r_pose.uexp" 973
"D:/Coding Work/GitHub/API_Project/Content/Characters/Mannequins/Rigs/ABP_Quinn_PostProcess.uasset" 974
"D:/Coding Work/GitHub/API_Project/Content/Characters/Mannequins/Rigs/ABP_Quinn_PostProcess.uexp" 975
"D:/Coding Work/GitHub/API_Project/Content/Characters/Mannequins/Meshes/SKM_Quinn.uasset" 976
"D:/Coding Work/GitHub/API_Project/Content/Characters/Mannequins/Meshes/SKM_Quinn.uexp" 977
"D:/Coding Work/GitHub/API_Project/Content/Characters/Mannequins/Meshes/Mannequin_LODSettings.uasset" 978
"D:/Coding Work/GitHub/API_Project/Content/Characters/Mannequins/Meshes/Mannequin_LODSettings.uexp" 979
"D:/Coding Work/GitHub/API_Project/Content/Characters/Mannequins/Animations/Manny/MM_T_Pose.uasset" 980
"D:/Coding Work/GitHub/API_Project/Content/Characters/Mannequins/Animations/Manny/MM_T_Pose.uexp" 981
"../../../Engine/Content/Maps/Entry_BuiltData.uasset" 982
"../../../Engine/Content/Maps/Entry_BuiltData.uexp" 983
"../../../Engine/Content/Maps/Entry.uexp" 984
"../../../Engine/Content/Maps/Entry.umap" 985
"../../../Engine/Content/Maps/Templates/HLODs/HLODLayer_Instanced.uasset" 986
"../../../Engine/Content/Maps/Templates/HLODs/HLODLayer_Instanced.uexp" 987
"D:/Coding Work/GitHub/API_Project/Content/API_Project/Maps/ThirdPersonMap.uexp" 988
"D:/Coding Work/GitHub/API_Project/Content/API_Project/Maps/ThirdPersonMap.umap" 989
